
****** Vivado v2021.1 (64-bit)
  **** SW Build 3247384 on Thu Jun 10 19:36:07 MDT 2021
  **** IP Build 3246043 on Fri Jun 11 00:30:35 MDT 2021
    ** Copyright 1986-2021 Xilinx, Inc. All Rights Reserved.

source /home/cc/eecs151/fa22/class/eecs151-adj/fpga_labs_fa22/lab4/../scripts/impl.tcl
# source ../target.tcl
## set ABS_TOP                         /home/cc/eecs151/fa22/class/eecs151-adj/fpga_labs_fa22/lab4
## set TOP                            z1top
## set FPGA_PART                      xc7z020clg400-1
## set_param general.maxThreads       4
## set_param general.maxBackupLogs    0
## set RTL { /home/cc/eecs151/fa22/class/eecs151-adj/fpga_labs_fa22/lab4/src/button_parser.v /home/cc/eecs151/fa22/class/eecs151-adj/fpga_labs_fa22/lab4/src/dac.v /home/cc/eecs151/fa22/class/eecs151-adj/fpga_labs_fa22/lab4/src/debouncer.v /home/cc/eecs151/fa22/class/eecs151-adj/fpga_labs_fa22/lab4/src/edge_detector.v /home/cc/eecs151/fa22/class/eecs151-adj/fpga_labs_fa22/lab4/src/fcw_ram.v /home/cc/eecs151/fa22/class/eecs151-adj/fpga_labs_fa22/lab4/src/fsm.v /home/cc/eecs151/fa22/class/eecs151-adj/fpga_labs_fa22/lab4/src/nco.v /home/cc/eecs151/fa22/class/eecs151-adj/fpga_labs_fa22/lab4/src/sq_wave_gen.v /home/cc/eecs151/fa22/class/eecs151-adj/fpga_labs_fa22/lab4/src/synchronizer.v /home/cc/eecs151/fa22/class/eecs151-adj/fpga_labs_fa22/lab4/src/z1top.v }
## set CONSTRAINTS { /home/cc/eecs151/fa22/class/eecs151-adj/fpga_labs_fa22/lab4/src/z1top.xdc }
# open_checkpoint ${ABS_TOP}/build/synth/${TOP}.dcp
Command: open_checkpoint /home/cc/eecs151/fa22/class/eecs151-adj/fpga_labs_fa22/lab4/build/synth/z1top.dcp

Starting open_checkpoint Task

Time (s): cpu = 00:00:00.10 ; elapsed = 00:00:00.06 . Memory (MB): peak = 2556.453 ; gain = 0.000 ; free physical = 3163 ; free virtual = 15396
INFO: [Device 21-403] Loading part xc7z020clg400-1
Netlist sorting complete. Time (s): cpu = 00:00:00.01 ; elapsed = 00:00:00.01 . Memory (MB): peak = 2562.758 ; gain = 0.000 ; free physical = 2829 ; free virtual = 15060
INFO: [Netlist 29-17] Analyzing 57 Unisim elements for replacement
INFO: [Netlist 29-28] Unisim Transformation completed in 0 CPU seconds
INFO: [Project 1-479] Netlist was created with Vivado 2021.1
INFO: [Project 1-570] Preparing netlist for logic optimization
INFO: [Timing 38-478] Restoring timing data from binary archive.
INFO: [Timing 38-479] Binary timing data restore complete.
INFO: [Project 1-856] Restoring constraints from binary archive.
INFO: [Project 1-853] Binary constraint restore complete.
Reading XDEF placement.
Reading placer database...
Reading XDEF routing.
Read XDEF File: Time (s): cpu = 00:00:00.08 ; elapsed = 00:00:00.08 . Memory (MB): peak = 2571.605 ; gain = 0.000 ; free physical = 2343 ; free virtual = 14576
Restored from archive | CPU: 0.090000 secs | Memory: 1.163177 MB |
Finished XDEF File Restore: Time (s): cpu = 00:00:00.08 ; elapsed = 00:00:00.08 . Memory (MB): peak = 2571.605 ; gain = 0.000 ; free physical = 2343 ; free virtual = 14576
Netlist sorting complete. Time (s): cpu = 00:00:00 ; elapsed = 00:00:00 . Memory (MB): peak = 2571.605 ; gain = 0.000 ; free physical = 2343 ; free virtual = 14576
INFO: [Project 1-111] Unisim Transformation Summary:
No Unisim elements were transformed.

INFO: [Project 1-604] Checkpoint was created with Vivado v2021.1 (64-bit) build 3247384
open_checkpoint: Time (s): cpu = 00:00:16 ; elapsed = 00:00:18 . Memory (MB): peak = 2571.605 ; gain = 15.156 ; free physical = 2342 ; free virtual = 14575
# if {[string trim ${CONSTRAINTS}] ne ""} {
#   read_xdc ${CONSTRAINTS}
# }
Parsing XDC File [/home/cc/eecs151/fa22/class/eecs151-adj/fpga_labs_fa22/lab4/src/z1top.xdc]
Finished Parsing XDC File [/home/cc/eecs151/fa22/class/eecs151-adj/fpga_labs_fa22/lab4/src/z1top.xdc]
# opt_design
Command: opt_design
Attempting to get a license for feature 'Implementation' and/or device 'xc7z020'
INFO: [Common 17-349] Got license for feature 'Implementation' and/or device 'xc7z020'
Running DRC as a precondition to command opt_design

Starting DRC Task
INFO: [DRC 23-27] Running DRC with 4 threads
INFO: [Project 1-461] DRC finished with 0 Errors
INFO: [Project 1-462] Please refer to the DRC report (report_drc) for more information.

Time (s): cpu = 00:00:02 ; elapsed = 00:00:01 . Memory (MB): peak = 2643.270 ; gain = 71.664 ; free physical = 2331 ; free virtual = 14565

Starting Cache Timing Information Task
INFO: [Timing 38-35] Done setting XDC timing constraints.
Ending Cache Timing Information Task | Checksum: 1c92c0bc9

Time (s): cpu = 00:00:00.10 ; elapsed = 00:00:00.07 . Memory (MB): peak = 2715.082 ; gain = 71.812 ; free physical = 2332 ; free virtual = 14565

Starting Logic Optimization Task

Phase 1 Retarget
INFO: [Opt 31-138] Pushed 0 inverter(s) to 0 load pin(s).
INFO: [Opt 31-49] Retargeted 0 cell(s).
Phase 1 Retarget | Checksum: 1c92c0bc9

Time (s): cpu = 00:00:00.10 ; elapsed = 00:00:00.10 . Memory (MB): peak = 2874.082 ; gain = 0.004 ; free physical = 2159 ; free virtual = 14393
INFO: [Opt 31-389] Phase Retarget created 0 cells and removed 0 cells

Phase 2 Constant propagation
INFO: [Opt 31-138] Pushed 0 inverter(s) to 0 load pin(s).
Phase 2 Constant propagation | Checksum: 15bf332fe

Time (s): cpu = 00:00:00.11 ; elapsed = 00:00:00.11 . Memory (MB): peak = 2874.082 ; gain = 0.004 ; free physical = 2159 ; free virtual = 14393
INFO: [Opt 31-389] Phase Constant propagation created 0 cells and removed 0 cells

Phase 3 Sweep
Phase 3 Sweep | Checksum: 182638196

Time (s): cpu = 00:00:00.13 ; elapsed = 00:00:00.13 . Memory (MB): peak = 2874.082 ; gain = 0.004 ; free physical = 2159 ; free virtual = 14393
INFO: [Opt 31-389] Phase Sweep created 0 cells and removed 0 cells

Phase 4 BUFG optimization
Phase 4 BUFG optimization | Checksum: 182638196

Time (s): cpu = 00:00:00.14 ; elapsed = 00:00:00.14 . Memory (MB): peak = 2874.082 ; gain = 0.004 ; free physical = 2159 ; free virtual = 14393
INFO: [Opt 31-662] Phase BUFG optimization created 0 cells of which 0 are BUFGs and removed 0 cells.

Phase 5 Shift Register Optimization
INFO: [Opt 31-1064] SRL Remap converted 0 SRLs to 0 registers and converted 0 registers of register chains to 0 SRLs
Phase 5 Shift Register Optimization | Checksum: 182638196

Time (s): cpu = 00:00:00.14 ; elapsed = 00:00:00.14 . Memory (MB): peak = 2874.082 ; gain = 0.004 ; free physical = 2159 ; free virtual = 14393
INFO: [Opt 31-389] Phase Shift Register Optimization created 0 cells and removed 0 cells

Phase 6 Post Processing Netlist
Phase 6 Post Processing Netlist | Checksum: 182638196

Time (s): cpu = 00:00:00.15 ; elapsed = 00:00:00.15 . Memory (MB): peak = 2874.082 ; gain = 0.004 ; free physical = 2159 ; free virtual = 14393
INFO: [Opt 31-389] Phase Post Processing Netlist created 0 cells and removed 0 cells
Opt_design Change Summary
=========================


-------------------------------------------------------------------------------------------------------------------------
|  Phase                        |  #Cells created  |  #Cells Removed  |  #Constrained objects preventing optimizations  |
-------------------------------------------------------------------------------------------------------------------------
|  Retarget                     |               0  |               0  |                                              0  |
|  Constant propagation         |               0  |               0  |                                              0  |
|  Sweep                        |               0  |               0  |                                              0  |
|  BUFG optimization            |               0  |               0  |                                              0  |
|  Shift Register Optimization  |               0  |               0  |                                              0  |
|  Post Processing Netlist      |               0  |               0  |                                              0  |
-------------------------------------------------------------------------------------------------------------------------



Starting Connectivity Check Task

Time (s): cpu = 00:00:00 ; elapsed = 00:00:00 . Memory (MB): peak = 2874.082 ; gain = 0.000 ; free physical = 2159 ; free virtual = 14393
Ending Logic Optimization Task | Checksum: 13d615608

Time (s): cpu = 00:00:00.18 ; elapsed = 00:00:00.18 . Memory (MB): peak = 2874.082 ; gain = 0.004 ; free physical = 2159 ; free virtual = 14393

Starting Power Optimization Task
INFO: [Pwropt 34-132] Skipping clock gating for clocks with a period < 2.00 ns.
INFO: [Pwropt 34-9] Applying IDT optimizations ...
INFO: [Pwropt 34-10] Applying ODC optimizations ...
INFO: [Timing 38-35] Done setting XDC timing constraints.
Running Vector-less Activity Propagation...

Finished Running Vector-less Activity Propagation


Starting PowerOpt Patch Enables Task
INFO: [Pwropt 34-162] WRITE_MODE attribute of 0 BRAM(s) out of a total of 1 has been updated to save power. Run report_power_opt to get a complete listing of the BRAMs updated.
INFO: [Pwropt 34-201] Structural ODC has moved 0 WE to EN ports
Number of BRAM Ports augmented: 0 newly gated: 0 Total Ports: 2
Ending PowerOpt Patch Enables Task | Checksum: 13d615608

Time (s): cpu = 00:00:00 ; elapsed = 00:00:00.01 . Memory (MB): peak = 3057.875 ; gain = 0.000 ; free physical = 2149 ; free virtual = 14387
Ending Power Optimization Task | Checksum: 13d615608

Time (s): cpu = 00:00:00.68 ; elapsed = 00:00:00.53 . Memory (MB): peak = 3057.875 ; gain = 183.793 ; free physical = 2154 ; free virtual = 14391

Starting Final Cleanup Task
Ending Final Cleanup Task | Checksum: 13d615608

Time (s): cpu = 00:00:00 ; elapsed = 00:00:00 . Memory (MB): peak = 3057.875 ; gain = 0.000 ; free physical = 2154 ; free virtual = 14391

Starting Netlist Obfuscation Task
Netlist sorting complete. Time (s): cpu = 00:00:00 ; elapsed = 00:00:00 . Memory (MB): peak = 3057.875 ; gain = 0.000 ; free physical = 2154 ; free virtual = 14391
Ending Netlist Obfuscation Task | Checksum: 13d615608

Time (s): cpu = 00:00:00 ; elapsed = 00:00:00 . Memory (MB): peak = 3057.875 ; gain = 0.000 ; free physical = 2154 ; free virtual = 14391
INFO: [Common 17-83] Releasing license: Implementation
22 Infos, 0 Warnings, 0 Critical Warnings and 0 Errors encountered.
opt_design completed successfully
INFO: [Common 17-600] The following parameters have non-default value.
general.maxThreads
# place_design
Command: place_design
Attempting to get a license for feature 'Implementation' and/or device 'xc7z020'
INFO: [Common 17-349] Got license for feature 'Implementation' and/or device 'xc7z020'
INFO: [Timing 38-35] Done setting XDC timing constraints.
INFO: [DRC 23-27] Running DRC with 4 threads
INFO: [Vivado_Tcl 4-198] DRC finished with 0 Errors
INFO: [Vivado_Tcl 4-199] Please refer to the DRC report (report_drc) for more information.
Running DRC as a precondition to command place_design
INFO: [DRC 23-27] Running DRC with 4 threads
INFO: [Vivado_Tcl 4-198] DRC finished with 0 Errors
INFO: [Vivado_Tcl 4-199] Please refer to the DRC report (report_drc) for more information.

Starting Placer Task
INFO: [Place 30-611] Multithreading enabled for place_design using a maximum of 4 CPUs

Phase 1 Placer Initialization

Phase 1.1 Placer Initialization Netlist Sorting
Netlist sorting complete. Time (s): cpu = 00:00:00 ; elapsed = 00:00:00.01 . Memory (MB): peak = 3057.875 ; gain = 0.000 ; free physical = 2098 ; free virtual = 14335
Phase 1.1 Placer Initialization Netlist Sorting | Checksum: 113945c99

Time (s): cpu = 00:00:00.01 ; elapsed = 00:00:00.03 . Memory (MB): peak = 3057.875 ; gain = 0.000 ; free physical = 2098 ; free virtual = 14335
Netlist sorting complete. Time (s): cpu = 00:00:00 ; elapsed = 00:00:00 . Memory (MB): peak = 3057.875 ; gain = 0.000 ; free physical = 2097 ; free virtual = 14334

Phase 1.2 IO Placement/ Clock Placement/ Build Placer Device
Phase 1.2 IO Placement/ Clock Placement/ Build Placer Device | Checksum: c4c14c33

Time (s): cpu = 00:00:00.66 ; elapsed = 00:00:00.53 . Memory (MB): peak = 3057.875 ; gain = 0.000 ; free physical = 2129 ; free virtual = 14366

Phase 1.3 Build Placer Netlist Model
Phase 1.3 Build Placer Netlist Model | Checksum: d0c3ada4

Time (s): cpu = 00:00:01 ; elapsed = 00:00:00.79 . Memory (MB): peak = 3057.875 ; gain = 0.000 ; free physical = 2144 ; free virtual = 14381

Phase 1.4 Constrain Clocks/Macros
Phase 1.4 Constrain Clocks/Macros | Checksum: d0c3ada4

Time (s): cpu = 00:00:01 ; elapsed = 00:00:00.79 . Memory (MB): peak = 3057.875 ; gain = 0.000 ; free physical = 2144 ; free virtual = 14381
Phase 1 Placer Initialization | Checksum: d0c3ada4

Time (s): cpu = 00:00:01 ; elapsed = 00:00:00.80 . Memory (MB): peak = 3057.875 ; gain = 0.000 ; free physical = 2144 ; free virtual = 14381

Phase 2 Global Placement

Phase 2.1 Floorplanning
Phase 2.1 Floorplanning | Checksum: 1c089d792

Time (s): cpu = 00:00:01 ; elapsed = 00:00:00.95 . Memory (MB): peak = 3057.875 ; gain = 0.000 ; free physical = 2142 ; free virtual = 14379

Phase 2.2 Update Timing before SLR Path Opt
Phase 2.2 Update Timing before SLR Path Opt | Checksum: e5655bef

Time (s): cpu = 00:00:01 ; elapsed = 00:00:01 . Memory (MB): peak = 3057.875 ; gain = 0.000 ; free physical = 2142 ; free virtual = 14379

Phase 2.3 Post-Processing in Floorplanning
Phase 2.3 Post-Processing in Floorplanning | Checksum: e5655bef

Time (s): cpu = 00:00:02 ; elapsed = 00:00:01 . Memory (MB): peak = 3057.875 ; gain = 0.000 ; free physical = 2142 ; free virtual = 14379

Phase 2.4 Global Placement Core

Phase 2.4.1 Physical Synthesis In Placer
INFO: [Physopt 32-1035] Found 0 LUTNM shape to break, 48 LUT instances to create LUTNM shape
INFO: [Physopt 32-1044] Break lutnm for timing: one critical 0, two critical 0, total 0, new lutff created 0
INFO: [Physopt 32-1138] End 1 Pass. Optimized 12 nets or LUTs. Breaked 0 LUT, combined 12 existing LUTs and moved 0 existing LUT
INFO: [Physopt 32-65] No nets found for high-fanout optimization.
INFO: [Physopt 32-232] Optimized 0 net. Created 0 new instance.
INFO: [Physopt 32-775] End 1 Pass. Optimized 0 net or cell. Created 0 new cell, deleted 0 existing cell and moved 0 existing cell
INFO: [Physopt 32-670] No setup violation found.  DSP Register Optimization was not performed.
INFO: [Physopt 32-670] No setup violation found.  Shift Register to Pipeline Optimization was not performed.
INFO: [Physopt 32-670] No setup violation found.  Shift Register Optimization was not performed.
INFO: [Physopt 32-670] No setup violation found.  BRAM Register Optimization was not performed.
INFO: [Physopt 32-670] No setup violation found.  URAM Register Optimization was not performed.
INFO: [Physopt 32-949] No candidate nets found for dynamic/static region interface net replication
INFO: [Physopt 32-775] End 1 Pass. Optimized 0 net or cell. Created 0 new cell, deleted 0 existing cell and moved 0 existing cell
Netlist sorting complete. Time (s): cpu = 00:00:00 ; elapsed = 00:00:00 . Memory (MB): peak = 3057.875 ; gain = 0.000 ; free physical = 2126 ; free virtual = 14363

Summary of Physical Synthesis Optimizations
============================================


-----------------------------------------------------------------------------------------------------------------------------------------------------------
|  Optimization                                     |  Added Cells  |  Removed Cells  |  Optimized Cells/Nets  |  Dont Touch  |  Iterations  |  Elapsed   |
-----------------------------------------------------------------------------------------------------------------------------------------------------------
|  LUT Combining                                    |            0  |             12  |                    12  |           0  |           1  |  00:00:00  |
|  Retime                                           |            0  |              0  |                     0  |           0  |           1  |  00:00:00  |
|  Very High Fanout                                 |            0  |              0  |                     0  |           0  |           1  |  00:00:00  |
|  DSP Register                                     |            0  |              0  |                     0  |           0  |           0  |  00:00:00  |
|  Shift Register to Pipeline                       |            0  |              0  |                     0  |           0  |           0  |  00:00:00  |
|  Shift Register                                   |            0  |              0  |                     0  |           0  |           0  |  00:00:00  |
|  BRAM Register                                    |            0  |              0  |                     0  |           0  |           0  |  00:00:00  |
|  URAM Register                                    |            0  |              0  |                     0  |           0  |           0  |  00:00:00  |
|  Dynamic/Static Region Interface Net Replication  |            0  |              0  |                     0  |           0  |           1  |  00:00:00  |
|  Total                                            |            0  |             12  |                    12  |           0  |           4  |  00:00:00  |
-----------------------------------------------------------------------------------------------------------------------------------------------------------


Phase 2.4.1 Physical Synthesis In Placer | Checksum: 125a47642

Time (s): cpu = 00:00:08 ; elapsed = 00:00:04 . Memory (MB): peak = 3057.875 ; gain = 0.000 ; free physical = 2126 ; free virtual = 14363
Phase 2.4 Global Placement Core | Checksum: 103a7027a

Time (s): cpu = 00:00:16 ; elapsed = 00:00:07 . Memory (MB): peak = 3057.875 ; gain = 0.000 ; free physical = 2138 ; free virtual = 14361
Phase 2 Global Placement | Checksum: 103a7027a

Time (s): cpu = 00:00:16 ; elapsed = 00:00:07 . Memory (MB): peak = 3057.875 ; gain = 0.000 ; free physical = 2138 ; free virtual = 14361

Phase 3 Detail Placement

Phase 3.1 Commit Multi Column Macros
Phase 3.1 Commit Multi Column Macros | Checksum: 1d4f5f53f

Time (s): cpu = 00:00:16 ; elapsed = 00:00:07 . Memory (MB): peak = 3057.875 ; gain = 0.000 ; free physical = 2131 ; free virtual = 14353

Phase 3.2 Commit Most Macros & LUTRAMs
Phase 3.2 Commit Most Macros & LUTRAMs | Checksum: 24406487f

Time (s): cpu = 00:00:16 ; elapsed = 00:00:07 . Memory (MB): peak = 3057.875 ; gain = 0.000 ; free physical = 2138 ; free virtual = 14361

Phase 3.3 Area Swap Optimization
Phase 3.3 Area Swap Optimization | Checksum: 1fe081966

Time (s): cpu = 00:00:16 ; elapsed = 00:00:07 . Memory (MB): peak = 3057.875 ; gain = 0.000 ; free physical = 2138 ; free virtual = 14361

Phase 3.4 Pipeline Register Optimization
Phase 3.4 Pipeline Register Optimization | Checksum: 192fbf004

Time (s): cpu = 00:00:16 ; elapsed = 00:00:07 . Memory (MB): peak = 3057.875 ; gain = 0.000 ; free physical = 2138 ; free virtual = 14361

Phase 3.5 Small Shape Detail Placement
Phase 3.5 Small Shape Detail Placement | Checksum: 13a1edbb5

Time (s): cpu = 00:00:16 ; elapsed = 00:00:07 . Memory (MB): peak = 3057.875 ; gain = 0.000 ; free physical = 2139 ; free virtual = 14362

Phase 3.6 Re-assign LUT pins
Phase 3.6 Re-assign LUT pins | Checksum: 1517cb0a8

Time (s): cpu = 00:00:16 ; elapsed = 00:00:07 . Memory (MB): peak = 3057.875 ; gain = 0.000 ; free physical = 2138 ; free virtual = 14361

Phase 3.7 Pipeline Register Optimization
Phase 3.7 Pipeline Register Optimization | Checksum: 1ba690206

Time (s): cpu = 00:00:16 ; elapsed = 00:00:07 . Memory (MB): peak = 3057.875 ; gain = 0.000 ; free physical = 2138 ; free virtual = 14361
Phase 3 Detail Placement | Checksum: 1ba690206

Time (s): cpu = 00:00:16 ; elapsed = 00:00:07 . Memory (MB): peak = 3057.875 ; gain = 0.000 ; free physical = 2138 ; free virtual = 14361

Phase 4 Post Placement Optimization and Clean-Up

Phase 4.1 Post Commit Optimization
INFO: [Timing 38-35] Done setting XDC timing constraints.

Phase 4.1.1 Post Placement Optimization
Post Placement Optimization Initialization | Checksum: 20af864e1

Phase 4.1.1.1 BUFG Insertion

Starting Physical Synthesis Task

Phase 1 Physical Synthesis Initialization
INFO: [Physopt 32-721] Multithreading enabled for phys_opt_design using a maximum of 4 CPUs
INFO: [Physopt 32-619] Estimated Timing Summary | WNS=2.263 | TNS=0.000 |
Phase 1 Physical Synthesis Initialization | Checksum: 1e2239799

Time (s): cpu = 00:00:00.08 ; elapsed = 00:00:00.04 . Memory (MB): peak = 3057.875 ; gain = 0.000 ; free physical = 2138 ; free virtual = 14360
INFO: [Place 46-56] BUFG insertion identified 0 candidate nets. Inserted BUFG: 0, Replicated BUFG Driver: 0, Skipped due to Placement/Routing Conflicts: 0, Skipped due to Timing Degradation: 0, Skipped due to Illegal Netlist: 0.
Ending Physical Synthesis Task | Checksum: 150708333

Time (s): cpu = 00:00:00.08 ; elapsed = 00:00:00.05 . Memory (MB): peak = 3057.875 ; gain = 0.000 ; free physical = 2138 ; free virtual = 14360
Phase 4.1.1.1 BUFG Insertion | Checksum: 20af864e1

Time (s): cpu = 00:00:17 ; elapsed = 00:00:08 . Memory (MB): peak = 3057.875 ; gain = 0.000 ; free physical = 2138 ; free virtual = 14360

Phase 4.1.1.2 Post Placement Timing Optimization
INFO: [Place 30-746] Post Placement Timing Summary WNS=2.263. For the most accurate timing information please run report_timing.
Phase 4.1.1.2 Post Placement Timing Optimization | Checksum: 1f7526f70

Time (s): cpu = 00:00:17 ; elapsed = 00:00:08 . Memory (MB): peak = 3057.875 ; gain = 0.000 ; free physical = 2138 ; free virtual = 14360

Time (s): cpu = 00:00:17 ; elapsed = 00:00:08 . Memory (MB): peak = 3057.875 ; gain = 0.000 ; free physical = 2138 ; free virtual = 14360
Phase 4.1 Post Commit Optimization | Checksum: 1f7526f70

Time (s): cpu = 00:00:17 ; elapsed = 00:00:08 . Memory (MB): peak = 3057.875 ; gain = 0.000 ; free physical = 2138 ; free virtual = 14360

Phase 4.2 Post Placement Cleanup
Phase 4.2 Post Placement Cleanup | Checksum: 1f7526f70

Time (s): cpu = 00:00:17 ; elapsed = 00:00:08 . Memory (MB): peak = 3057.875 ; gain = 0.000 ; free physical = 2138 ; free virtual = 14361

Phase 4.3 Placer Reporting

Phase 4.3.1 Print Estimated Congestion
INFO: [Place 30-612] Post-Placement Estimated Congestion 
 ____________________________________________________
|           | Global Congestion | Short Congestion  |
| Direction | Region Size       | Region Size       |
|___________|___________________|___________________|
|      North|                1x1|                1x1|
|___________|___________________|___________________|
|      South|                1x1|                1x1|
|___________|___________________|___________________|
|       East|                1x1|                1x1|
|___________|___________________|___________________|
|       West|                1x1|                1x1|
|___________|___________________|___________________|

Phase 4.3.1 Print Estimated Congestion | Checksum: 1f7526f70

Time (s): cpu = 00:00:17 ; elapsed = 00:00:08 . Memory (MB): peak = 3057.875 ; gain = 0.000 ; free physical = 2138 ; free virtual = 14361
Phase 4.3 Placer Reporting | Checksum: 1f7526f70

Time (s): cpu = 00:00:17 ; elapsed = 00:00:08 . Memory (MB): peak = 3057.875 ; gain = 0.000 ; free physical = 2138 ; free virtual = 14361

Phase 4.4 Final Placement Cleanup
Netlist sorting complete. Time (s): cpu = 00:00:00 ; elapsed = 00:00:00 . Memory (MB): peak = 3057.875 ; gain = 0.000 ; free physical = 2138 ; free virtual = 14361

Time (s): cpu = 00:00:17 ; elapsed = 00:00:08 . Memory (MB): peak = 3057.875 ; gain = 0.000 ; free physical = 2138 ; free virtual = 14361
Phase 4 Post Placement Optimization and Clean-Up | Checksum: 132736dc9

Time (s): cpu = 00:00:17 ; elapsed = 00:00:08 . Memory (MB): peak = 3057.875 ; gain = 0.000 ; free physical = 2138 ; free virtual = 14361
Ending Placer Task | Checksum: 61c4881d

Time (s): cpu = 00:00:17 ; elapsed = 00:00:08 . Memory (MB): peak = 3057.875 ; gain = 0.000 ; free physical = 2138 ; free virtual = 14361
INFO: [Common 17-83] Releasing license: Implementation
29 Infos, 0 Warnings, 0 Critical Warnings and 0 Errors encountered.
place_design completed successfully
place_design: Time (s): cpu = 00:00:19 ; elapsed = 00:00:09 . Memory (MB): peak = 3057.875 ; gain = 0.000 ; free physical = 2151 ; free virtual = 14374
INFO: [Common 17-600] The following parameters have non-default value.
general.maxThreads
# write_checkpoint -force ${TOP}_placed.dcp
INFO: [Timing 38-480] Writing timing data to binary archive.
Writing placer database...
Writing XDEF routing.
Writing XDEF routing logical nets.
Writing XDEF routing special nets.
Write XDEF Complete: Time (s): cpu = 00:00:00.36 ; elapsed = 00:00:00.17 . Memory (MB): peak = 3057.875 ; gain = 0.000 ; free physical = 2150 ; free virtual = 14375
INFO: [Common 17-1381] The checkpoint '/home/cc/eecs151/fa22/class/eecs151-adj/fpga_labs_fa22/lab4/build/impl/z1top_placed.dcp' has been generated.
# report_utilization -file post_place_utilization.rpt
# phys_opt_design
Command: phys_opt_design
Attempting to get a license for feature 'Implementation' and/or device 'xc7z020'
INFO: [Common 17-349] Got license for feature 'Implementation' and/or device 'xc7z020'
INFO: [Vivado_Tcl 4-383] Design worst setup slack (WNS) is greater than or equal to 0.000 ns. Skipping all physical synthesis optimizations.
INFO: [Vivado_Tcl 4-232] No setup violation found. The netlist was not modified.
INFO: [Common 17-83] Releasing license: Implementation
4 Infos, 0 Warnings, 0 Critical Warnings and 0 Errors encountered.
phys_opt_design completed successfully
INFO: [Common 17-600] The following parameters have non-default value.
general.maxThreads
# route_design
Command: route_design
Attempting to get a license for feature 'Implementation' and/or device 'xc7z020'
INFO: [Common 17-349] Got license for feature 'Implementation' and/or device 'xc7z020'
Running DRC as a precondition to command route_design
INFO: [DRC 23-27] Running DRC with 4 threads
INFO: [Vivado_Tcl 4-198] DRC finished with 0 Errors
INFO: [Vivado_Tcl 4-199] Please refer to the DRC report (report_drc) for more information.


Starting Routing Task
INFO: [Route 35-254] Multithreading enabled for route_design using a maximum of 4 CPUs
Checksum: PlaceDB: 52a1c6b7 ConstDB: 0 ShapeSum: f22c166 RouteDB: 0

Phase 1 Build RT Design
Phase 1 Build RT Design | Checksum: e4de30ec

Time (s): cpu = 00:00:24 ; elapsed = 00:00:19 . Memory (MB): peak = 3073.559 ; gain = 15.684 ; free physical = 1990 ; free virtual = 14213
Post Restoration Checksum: NetGraph: b1eaa200 NumContArr: 32f38eec Constraints: 0 Timing: 0

Phase 2 Router Initialization

Phase 2.1 Create Timer
Phase 2.1 Create Timer | Checksum: e4de30ec

Time (s): cpu = 00:00:24 ; elapsed = 00:00:19 . Memory (MB): peak = 3073.559 ; gain = 15.684 ; free physical = 1992 ; free virtual = 14214

Phase 2.2 Fix Topology Constraints
Phase 2.2 Fix Topology Constraints | Checksum: e4de30ec

Time (s): cpu = 00:00:24 ; elapsed = 00:00:19 . Memory (MB): peak = 3081.555 ; gain = 23.680 ; free physical = 1973 ; free virtual = 14197

Phase 2.3 Pre Route Cleanup
Phase 2.3 Pre Route Cleanup | Checksum: e4de30ec

Time (s): cpu = 00:00:24 ; elapsed = 00:00:19 . Memory (MB): peak = 3081.555 ; gain = 23.680 ; free physical = 1973 ; free virtual = 14197
 Number of Nodes with overlaps = 0

Phase 2.4 Update Timing
Phase 2.4 Update Timing | Checksum: 1f3de07e4

Time (s): cpu = 00:00:25 ; elapsed = 00:00:20 . Memory (MB): peak = 3104.438 ; gain = 46.562 ; free physical = 1963 ; free virtual = 14187
INFO: [Route 35-416] Intermediate Timing Summary | WNS=2.240  | TNS=0.000  | WHS=-0.146 | THS=-5.773 |

Phase 2 Router Initialization | Checksum: 146d091fd

Time (s): cpu = 00:00:25 ; elapsed = 00:00:20 . Memory (MB): peak = 3104.438 ; gain = 46.562 ; free physical = 1963 ; free virtual = 14187

Router Utilization Summary
  Global Vertical Routing Utilization    = 0 %
  Global Horizontal Routing Utilization  = 0 %
  Routable Net Status*
  *Does not include unroutable nets such as driverless and loadless.
  Run report_route_status for detailed report.
  Number of Failed Nets               = 622
    (Failed Nets is the sum of unrouted and partially routed nets)
  Number of Unrouted Nets             = 622
  Number of Partially Routed Nets     = 0
  Number of Node Overlaps             = 0


Phase 3 Initial Routing

Phase 3.1 Global Routing
Phase 3.1 Global Routing | Checksum: 146d091fd

Time (s): cpu = 00:00:25 ; elapsed = 00:00:20 . Memory (MB): peak = 3104.438 ; gain = 46.562 ; free physical = 1961 ; free virtual = 14185
Phase 3 Initial Routing | Checksum: 145860423

Time (s): cpu = 00:00:26 ; elapsed = 00:00:20 . Memory (MB): peak = 3104.438 ; gain = 46.562 ; free physical = 1963 ; free virtual = 14186

Phase 4 Rip-up And Reroute

Phase 4.1 Global Iteration 0
 Number of Nodes with overlaps = 60
 Number of Nodes with overlaps = 2
 Number of Nodes with overlaps = 0
INFO: [Route 35-416] Intermediate Timing Summary | WNS=1.833  | TNS=0.000  | WHS=N/A    | THS=N/A    |

Phase 4.1 Global Iteration 0 | Checksum: 1536b0147

Time (s): cpu = 00:00:26 ; elapsed = 00:00:21 . Memory (MB): peak = 3104.438 ; gain = 46.562 ; free physical = 1962 ; free virtual = 14186

Phase 4.2 Global Iteration 1
 Number of Nodes with overlaps = 0
INFO: [Route 35-416] Intermediate Timing Summary | WNS=1.833  | TNS=0.000  | WHS=N/A    | THS=N/A    |

Phase 4.2 Global Iteration 1 | Checksum: 86fd9394

Time (s): cpu = 00:00:26 ; elapsed = 00:00:21 . Memory (MB): peak = 3104.438 ; gain = 46.562 ; free physical = 1962 ; free virtual = 14186
Phase 4 Rip-up And Reroute | Checksum: 86fd9394

Time (s): cpu = 00:00:26 ; elapsed = 00:00:21 . Memory (MB): peak = 3104.438 ; gain = 46.562 ; free physical = 1962 ; free virtual = 14186

Phase 5 Delay and Skew Optimization

Phase 5.1 Delay CleanUp
Phase 5.1 Delay CleanUp | Checksum: 86fd9394

Time (s): cpu = 00:00:26 ; elapsed = 00:00:21 . Memory (MB): peak = 3104.438 ; gain = 46.562 ; free physical = 1962 ; free virtual = 14186

Phase 5.2 Clock Skew Optimization
Phase 5.2 Clock Skew Optimization | Checksum: 86fd9394

Time (s): cpu = 00:00:26 ; elapsed = 00:00:21 . Memory (MB): peak = 3104.438 ; gain = 46.562 ; free physical = 1962 ; free virtual = 14186
Phase 5 Delay and Skew Optimization | Checksum: 86fd9394

Time (s): cpu = 00:00:26 ; elapsed = 00:00:21 . Memory (MB): peak = 3104.438 ; gain = 46.562 ; free physical = 1962 ; free virtual = 14186

Phase 6 Post Hold Fix

Phase 6.1 Hold Fix Iter

Phase 6.1.1 Update Timing
Phase 6.1.1 Update Timing | Checksum: f5a4fef9

Time (s): cpu = 00:00:26 ; elapsed = 00:00:21 . Memory (MB): peak = 3104.438 ; gain = 46.562 ; free physical = 1962 ; free virtual = 14186
INFO: [Route 35-416] Intermediate Timing Summary | WNS=1.964  | TNS=0.000  | WHS=0.037  | THS=0.000  |

Phase 6.1 Hold Fix Iter | Checksum: 4488bf25

Time (s): cpu = 00:00:26 ; elapsed = 00:00:21 . Memory (MB): peak = 3104.438 ; gain = 46.562 ; free physical = 1962 ; free virtual = 14186
Phase 6 Post Hold Fix | Checksum: 4488bf25

Time (s): cpu = 00:00:26 ; elapsed = 00:00:21 . Memory (MB): peak = 3104.438 ; gain = 46.562 ; free physical = 1962 ; free virtual = 14186

Phase 7 Route finalize

Router Utilization Summary
  Global Vertical Routing Utilization    = 0.0897277 %
  Global Horizontal Routing Utilization  = 0.0921231 %
  Routable Net Status*
  *Does not include unroutable nets such as driverless and loadless.
  Run report_route_status for detailed report.
  Number of Failed Nets               = 0
    (Failed Nets is the sum of unrouted and partially routed nets)
  Number of Unrouted Nets             = 0
  Number of Partially Routed Nets     = 0
  Number of Node Overlaps             = 0

Phase 7 Route finalize | Checksum: 48bcf50e

Time (s): cpu = 00:00:26 ; elapsed = 00:00:21 . Memory (MB): peak = 3104.438 ; gain = 46.562 ; free physical = 1962 ; free virtual = 14186

Phase 8 Verifying routed nets

 Verification completed successfully
Phase 8 Verifying routed nets | Checksum: 48bcf50e

Time (s): cpu = 00:00:26 ; elapsed = 00:00:21 . Memory (MB): peak = 3104.438 ; gain = 46.562 ; free physical = 1960 ; free virtual = 14184

Phase 9 Depositing Routes
Phase 9 Depositing Routes | Checksum: 48d21d45

Time (s): cpu = 00:00:27 ; elapsed = 00:00:21 . Memory (MB): peak = 3104.438 ; gain = 46.562 ; free physical = 1960 ; free virtual = 14184

Phase 10 Post Router Timing
INFO: [Route 35-57] Estimated Timing Summary | WNS=1.964  | TNS=0.000  | WHS=0.037  | THS=0.000  |

INFO: [Route 35-327] The final timing numbers are based on the router estimated timing analysis. For a complete and accurate timing signoff, please run report_timing_summary.
Phase 10 Post Router Timing | Checksum: 48d21d45

Time (s): cpu = 00:00:27 ; elapsed = 00:00:21 . Memory (MB): peak = 3104.438 ; gain = 46.562 ; free physical = 1962 ; free virtual = 14186
INFO: [Route 35-16] Router Completed Successfully

Time (s): cpu = 00:00:27 ; elapsed = 00:00:21 . Memory (MB): peak = 3104.438 ; gain = 46.562 ; free physical = 1982 ; free virtual = 14206

Routing Is Done.
INFO: [Common 17-83] Releasing license: Implementation
13 Infos, 0 Warnings, 0 Critical Warnings and 0 Errors encountered.
route_design completed successfully
route_design: Time (s): cpu = 00:00:29 ; elapsed = 00:00:22 . Memory (MB): peak = 3104.438 ; gain = 46.562 ; free physical = 1982 ; free virtual = 14206
INFO: [Common 17-600] The following parameters have non-default value.
general.maxThreads
# write_checkpoint -force ${TOP}_routed.dcp
INFO: [Timing 38-480] Writing timing data to binary archive.
Writing placer database...
Writing XDEF routing.
Writing XDEF routing logical nets.
Writing XDEF routing special nets.
Write XDEF Complete: Time (s): cpu = 00:00:00.38 ; elapsed = 00:00:00.18 . Memory (MB): peak = 3115.410 ; gain = 2.973 ; free physical = 1978 ; free virtual = 14204
INFO: [Common 17-1381] The checkpoint '/home/cc/eecs151/fa22/class/eecs151-adj/fpga_labs_fa22/lab4/build/impl/z1top_routed.dcp' has been generated.
# write_verilog -force post_route.v
# write_xdc -force post_route.xdc
# report_drc -file post_route_drc.rpt
Command: report_drc -file post_route_drc.rpt
INFO: [IP_Flow 19-234] Refreshing IP repositories
INFO: [IP_Flow 19-1704] No user IP repositories specified
INFO: [IP_Flow 19-2313] Loaded Vivado IP repository '/share/instsww/xilinx/Vivado/2021.1/data/ip'.
INFO: [DRC 23-27] Running DRC with 4 threads
INFO: [Vivado_Tcl 2-168] The results of DRC are in file /home/cc/eecs151/fa22/class/eecs151-adj/fpga_labs_fa22/lab4/build/impl/post_route_drc.rpt.
report_drc completed successfully
# report_timing_summary -warn_on_violation -file post_route_timing_summary.rpt
INFO: [Timing 38-91] UpdateTimingParams: Speed grade: -1, Delay Type: min_max.
INFO: [Timing 38-191] Multithreading enabled for timing update using a maximum of 4 CPUs
# write_bitstream -force ${TOP}.bit
Command: write_bitstream -force z1top.bit
Attempting to get a license for feature 'Implementation' and/or device 'xc7z020'
INFO: [Common 17-349] Got license for feature 'Implementation' and/or device 'xc7z020'
Running DRC as a precondition to command write_bitstream
INFO: [IP_Flow 19-1839] IP Catalog is up to date.
INFO: [DRC 23-27] Running DRC with 4 threads
WARNING: [DRC ZPS7-1] PS7 block required: The PS7 cell must be used in this Zynq design in order to enable correct default configuration.
INFO: [Vivado 12-3199] DRC finished with 0 Errors, 1 Warnings
INFO: [Vivado 12-3200] Please refer to the DRC report (report_drc) for more information.
INFO: [Designutils 20-2272] Running write_bitstream with 4 threads.
Loading data files...
Loading site data...
Loading route data...
Processing options...
Creating bitmap...
Creating bitstream...
Writing bitstream ./z1top.bit...
INFO: [Vivado 12-1842] Bitgen Completed Successfully.
INFO: [#UNDEF] WebTalk data collection is mandatory when using a WebPACK part without a full Vivado license. To see the specific WebTalk data collected for your design, open the usage_statistics_webtalk.html or usage_statistics_webtalk.xml file in the implementation directory.
INFO: [Common 17-186] '/home/cc/eecs151/fa22/class/eecs151-adj/fpga_labs_fa22/lab4/build/impl/usage_statistics_webtalk.xml' has been successfully sent to Xilinx on Tue Oct  4 09:22:51 2022. For additional details about this file, please refer to the WebTalk help file at /share/instsww/xilinx/Vivado/2021.1/doc/webtalk_introduction.html.
INFO: [Common 17-83] Releasing license: Implementation
10 Infos, 1 Warnings, 0 Critical Warnings and 0 Errors encountered.
write_bitstream completed successfully
write_bitstream: Time (s): cpu = 00:00:14 ; elapsed = 00:00:22 . Memory (MB): peak = 3478.871 ; gain = 336.777 ; free physical = 1948 ; free virtual = 14177
INFO: [Common 17-206] Exiting Vivado at Tue Oct  4 09:22:51 2022...
