Copyright 1986-2021 Xilinx, Inc. All Rights Reserved.
----------------------------------------------------------------------------------------------
| Tool Version : Vivado v.2021.1 (lin64) Build 3247384 Thu Jun 10 19:36:07 MDT 2021
| Date         : Tue Oct  4 09:22:29 2022
| Host         : c111-5.eecs.berkeley.edu running 64-bit CentOS Linux release 7.9.2009 (Core)
| Command      : report_timing_summary -warn_on_violation -file post_route_timing_summary.rpt
| Design       : z1top
| Device       : 7z020-clg400
| Speed File   : -1  PRODUCTION 1.12 2019-11-22
----------------------------------------------------------------------------------------------

Timing Summary Report

------------------------------------------------------------------------------------------------
| Timer Settings
| --------------
------------------------------------------------------------------------------------------------

  Enable Multi Corner Analysis               :  Yes
  Enable Pessimism Removal                   :  Yes
  Pessimism Removal Resolution               :  Nearest Common Node
  Enable Input Delay Default Clock           :  No
  Enable Preset / Clear Arcs                 :  No
  Disable Flight Delays                      :  No
  Ignore I/O Paths                           :  No
  Timing Early Launch at Borrowing Latches   :  No
  Borrow Time for Max Delay Exceptions       :  Yes
  Merge Timing Exceptions                    :  Yes

  Corner  Analyze    Analyze    
  Name    Max Paths  Min Paths  
  ------  ---------  ---------  
  Slow    Yes        Yes        
  Fast    Yes        Yes        


------------------------------------------------------------------------------------------------
| Report Methodology
| ------------------
------------------------------------------------------------------------------------------------

No report available as report_methodology has not been run prior. Run report_methodology on the current design for the summary of methodology violations.



check_timing report

Table of Contents
-----------------
1. checking no_clock (0)
2. checking constant_clock (0)
3. checking pulse_width_clock (0)
4. checking unconstrained_internal_endpoints (0)
5. checking no_input_delay (6)
6. checking no_output_delay (7)
7. checking multiple_clock (0)
8. checking generated_clocks (0)
9. checking loops (0)
10. checking partial_input_delay (0)
11. checking partial_output_delay (0)
12. checking latch_loops (0)

1. checking no_clock (0)
------------------------
 There are 0 register/latch pins with no clock.


2. checking constant_clock (0)
------------------------------
 There are 0 register/latch pins with constant_clock.


3. checking pulse_width_clock (0)
---------------------------------
 There are 0 register/latch pins which need pulse_width check


4. checking unconstrained_internal_endpoints (0)
------------------------------------------------
 There are 0 pins that are not constrained for maximum delay.

 There are 0 pins that are not constrained for maximum delay due to constant clock.


5. checking no_input_delay (6)
------------------------------
 There are 6 input ports with no input delay specified. (HIGH)

 There are 0 input ports with no input delay but user has a false path constraint.


6. checking no_output_delay (7)
-------------------------------
 There are 7 ports with no output delay specified. (HIGH)

 There are 0 ports with no output delay but user has a false path constraint

 There are 0 ports with no output delay but with a timing clock defined on it or propagating through it


7. checking multiple_clock (0)
------------------------------
 There are 0 register/latch pins with multiple clocks.


8. checking generated_clocks (0)
--------------------------------
 There are 0 generated clocks that are not connected to a clock source.


9. checking loops (0)
---------------------
 There are 0 combinational loops in the design.


10. checking partial_input_delay (0)
------------------------------------
 There are 0 input ports with partial input delay specified.


11. checking partial_output_delay (0)
-------------------------------------
 There are 0 ports with partial output delay specified.


12. checking latch_loops (0)
----------------------------
 There are 0 combinational latch loops in the design through latch input



------------------------------------------------------------------------------------------------
| Design Timing Summary
| ---------------------
------------------------------------------------------------------------------------------------

    WNS(ns)      TNS(ns)  TNS Failing Endpoints  TNS Total Endpoints      WHS(ns)      THS(ns)  THS Failing Endpoints  THS Total Endpoints     WPWS(ns)     TPWS(ns)  TPWS Failing Endpoints  TPWS Total Endpoints  
    -------      -------  ---------------------  -------------------      -------      -------  ---------------------  -------------------     --------     --------  ----------------------  --------------------  
      1.964        0.000                      0                  784        0.036        0.000                      0                  784        3.500        0.000                       0                   313  


All user specified timing constraints are met.


------------------------------------------------------------------------------------------------
| Clock Summary
| -------------
------------------------------------------------------------------------------------------------

Clock            Waveform(ns)         Period(ns)      Frequency(MHz)
-----            ------------         ----------      --------------
clk_125mhz_fpga  {0.000 4.000}        8.000           125.000         


------------------------------------------------------------------------------------------------
| Intra Clock Table
| -----------------
------------------------------------------------------------------------------------------------

Clock                WNS(ns)      TNS(ns)  TNS Failing Endpoints  TNS Total Endpoints      WHS(ns)      THS(ns)  THS Failing Endpoints  THS Total Endpoints     WPWS(ns)     TPWS(ns)  TPWS Failing Endpoints  TPWS Total Endpoints  
-----                -------      -------  ---------------------  -------------------      -------      -------  ---------------------  -------------------     --------     --------  ----------------------  --------------------  
clk_125mhz_fpga        1.964        0.000                      0                  784        0.036        0.000                      0                  784        3.500        0.000                       0                   313  


------------------------------------------------------------------------------------------------
| Inter Clock Table
| -----------------
------------------------------------------------------------------------------------------------

From Clock    To Clock          WNS(ns)      TNS(ns)  TNS Failing Endpoints  TNS Total Endpoints      WHS(ns)      THS(ns)  THS Failing Endpoints  THS Total Endpoints  
----------    --------          -------      -------  ---------------------  -------------------      -------      -------  ---------------------  -------------------  


------------------------------------------------------------------------------------------------
| Other Path Groups Table
| -----------------------
------------------------------------------------------------------------------------------------

Path Group    From Clock    To Clock          WNS(ns)      TNS(ns)  TNS Failing Endpoints  TNS Total Endpoints      WHS(ns)      THS(ns)  THS Failing Endpoints  THS Total Endpoints  
----------    ----------    --------          -------      -------  ---------------------  -------------------      -------      -------  ---------------------  -------------------  


------------------------------------------------------------------------------------------------
| Timing Details
| --------------
------------------------------------------------------------------------------------------------


---------------------------------------------------------------------------------------------------
From Clock:  clk_125mhz_fpga
  To Clock:  clk_125mhz_fpga

Setup :            0  Failing Endpoints,  Worst Slack        1.964ns,  Total Violation        0.000ns
Hold  :            0  Failing Endpoints,  Worst Slack        0.036ns,  Total Violation        0.000ns
PW    :            0  Failing Endpoints,  Worst Slack        3.500ns,  Total Violation        0.000ns
---------------------------------------------------------------------------------------------------


Max Delay Paths
--------------------------------------------------------------------------------------
Slack (MET) :             1.964ns  (required time - arrival time)
  Source:                 fsm/FSM_sequential_CurrentState_reg[0]/C
                            (rising edge-triggered cell FDRE clocked by clk_125mhz_fpga  {rise@0.000ns fall@4.000ns period=8.000ns})
  Destination:            sel/ADDRARDADDR[10]
                            (rising edge-triggered cell RAMB18E1 clocked by clk_125mhz_fpga  {rise@0.000ns fall@4.000ns period=8.000ns})
  Path Group:             clk_125mhz_fpga
  Path Type:              Setup (Max at Slow Process Corner)
  Requirement:            8.000ns  (clk_125mhz_fpga rise@8.000ns - clk_125mhz_fpga rise@0.000ns)
  Data Path Delay:        5.131ns  (logic 2.151ns (41.919%)  route 2.980ns (58.081%))
  Logic Levels:           8  (CARRY4=6 LUT2=1 LUT4=1)
  Clock Path Skew:        -0.101ns (DCD - SCD + CPR)
    Destination Clock Delay (DCD):    5.590ns = ( 13.590 - 8.000 ) 
    Source Clock Delay      (SCD):    6.132ns
    Clock Pessimism Removal (CPR):    0.441ns
  Clock Uncertainty:      0.035ns  ((TSJ^2 + TIJ^2)^1/2 + DJ) / 2 + PE
    Total System Jitter     (TSJ):    0.071ns
    Total Input Jitter      (TIJ):    0.000ns
    Discrete Jitter          (DJ):    0.000ns
    Phase Error              (PE):    0.000ns

    Location             Delay type                Incr(ns)  Path(ns)    Netlist Resource(s)
  -------------------------------------------------------------------    -------------------
                         (clock clk_125mhz_fpga rise edge)
                                                      0.000     0.000 r  
    H16                                               0.000     0.000 r  CLK_125MHZ_FPGA (IN)
                         net (fo=0)                   0.000     0.000    CLK_125MHZ_FPGA
    H16                  IBUF (Prop_ibuf_I_O)         1.451     1.451 r  CLK_125MHZ_FPGA_IBUF_inst/O
                         net (fo=1, routed)           2.522     3.973    CLK_125MHZ_FPGA_IBUF
    BUFGCTRL_X0Y16       BUFG (Prop_bufg_I_O)         0.101     4.074 r  CLK_125MHZ_FPGA_IBUF_BUFG_inst/O
                         net (fo=312, routed)         2.058     6.132    fsm/CLK
    SLICE_X111Y101       FDRE                                         r  fsm/FSM_sequential_CurrentState_reg[0]/C
  -------------------------------------------------------------------    -------------------
    SLICE_X111Y101       FDRE (Prop_fdre_C_Q)         0.456     6.588 r  fsm/FSM_sequential_CurrentState_reg[0]/Q
                         net (fo=84, routed)          1.328     7.916    fsm/notes/d_out_reg[0]_1
    SLICE_X108Y95        LUT4 (Prop_lut4_I2_O)        0.124     8.040 r  fsm/notes/counter0_carry_i_3__0/O
                         net (fo=1, routed)           0.000     8.040    nco/counter0_carry__0_0[1]
    SLICE_X108Y95        CARRY4 (Prop_carry4_S[1]_CO[3])
                                                      0.533     8.573 r  nco/counter0_carry/CO[3]
                         net (fo=1, routed)           0.000     8.573    nco/counter0_carry_n_0
    SLICE_X108Y96        CARRY4 (Prop_carry4_CI_CO[3])
                                                      0.117     8.690 r  nco/counter0_carry__0/CO[3]
                         net (fo=1, routed)           0.000     8.690    nco/counter0_carry__0_n_0
    SLICE_X108Y97        CARRY4 (Prop_carry4_CI_CO[3])
                                                      0.117     8.807 r  nco/counter0_carry__1/CO[3]
                         net (fo=1, routed)           0.000     8.807    nco/counter0_carry__1_n_0
    SLICE_X108Y98        CARRY4 (Prop_carry4_CI_CO[3])
                                                      0.117     8.924 r  nco/counter0_carry__2/CO[3]
                         net (fo=1, routed)           0.000     8.924    nco/counter0_carry__2_n_0
    SLICE_X108Y99        CARRY4 (Prop_carry4_CI_CO[3])
                                                      0.117     9.041 r  nco/counter0_carry__3/CO[3]
                         net (fo=1, routed)           0.001     9.042    nco/counter0_carry__3_n_0
    SLICE_X108Y100       CARRY4 (Prop_carry4_CI_O[2])
                                                      0.239     9.281 r  nco/counter0_carry__4/O[2]
                         net (fo=1, routed)           0.822    10.102    nco/sel__0[6]
    SLICE_X106Y99        LUT2 (Prop_lut2_I0_O)        0.331    10.433 r  nco/sel_i_3/O
                         net (fo=1, routed)           0.830    11.263    nco_n_25
    RAMB18_X5Y40         RAMB18E1                                     r  sel/ADDRARDADDR[10]
  -------------------------------------------------------------------    -------------------

                         (clock clk_125mhz_fpga rise edge)
                                                      8.000     8.000 r  
    H16                                               0.000     8.000 r  CLK_125MHZ_FPGA (IN)
                         net (fo=0)                   0.000     8.000    CLK_125MHZ_FPGA
    H16                  IBUF (Prop_ibuf_I_O)         1.380     9.380 r  CLK_125MHZ_FPGA_IBUF_inst/O
                         net (fo=1, routed)           2.293    11.673    CLK_125MHZ_FPGA_IBUF
    BUFGCTRL_X0Y16       BUFG (Prop_bufg_I_O)         0.091    11.764 r  CLK_125MHZ_FPGA_IBUF_BUFG_inst/O
                         net (fo=312, routed)         1.826    13.590    CLK_125MHZ_FPGA_IBUF_BUFG
    RAMB18_X5Y40         RAMB18E1                                     r  sel/CLKARDCLK
                         clock pessimism              0.441    14.031    
                         clock uncertainty           -0.035    13.996    
    RAMB18_X5Y40         RAMB18E1 (Setup_ramb18e1_CLKARDCLK_ADDRARDADDR[10])
                                                     -0.769    13.227    sel
  -------------------------------------------------------------------
                         required time                         13.227    
                         arrival time                         -11.263    
  -------------------------------------------------------------------
                         slack                                  1.964    





Min Delay Paths
--------------------------------------------------------------------------------------
Slack (MET) :             0.036ns  (arrival time - required time)
  Source:                 nco/counter_reg[7]/C
                            (rising edge-triggered cell FDRE clocked by clk_125mhz_fpga  {rise@0.000ns fall@4.000ns period=8.000ns})
  Destination:            nco/counter_reg[20]/D
                            (rising edge-triggered cell FDRE clocked by clk_125mhz_fpga  {rise@0.000ns fall@4.000ns period=8.000ns})
  Path Group:             clk_125mhz_fpga
  Path Type:              Hold (Min at Fast Process Corner)
  Requirement:            0.000ns  (clk_125mhz_fpga rise@0.000ns - clk_125mhz_fpga rise@0.000ns)
  Data Path Delay:        0.494ns  (logic 0.425ns (86.069%)  route 0.069ns (13.931%))
  Logic Levels:           5  (CARRY4=5)
  Clock Path Skew:        0.352ns (DCD - SCD - CPR)
    Destination Clock Delay (DCD):    2.334ns
    Source Clock Delay      (SCD):    1.721ns
    Clock Pessimism Removal (CPR):    0.261ns

    Location             Delay type                Incr(ns)  Path(ns)    Netlist Resource(s)
  -------------------------------------------------------------------    -------------------
                         (clock clk_125mhz_fpga rise edge)
                                                      0.000     0.000 r  
    H16                                               0.000     0.000 r  CLK_125MHZ_FPGA (IN)
                         net (fo=0)                   0.000     0.000    CLK_125MHZ_FPGA
    H16                  IBUF (Prop_ibuf_I_O)         0.219     0.219 r  CLK_125MHZ_FPGA_IBUF_inst/O
                         net (fo=1, routed)           0.842     1.060    CLK_125MHZ_FPGA_IBUF
    BUFGCTRL_X0Y16       BUFG (Prop_bufg_I_O)         0.026     1.086 r  CLK_125MHZ_FPGA_IBUF_BUFG_inst/O
                         net (fo=312, routed)         0.635     1.721    nco/CLK
    SLICE_X109Y96        FDRE                                         r  nco/counter_reg[7]/C
  -------------------------------------------------------------------    -------------------
    SLICE_X109Y96        FDRE (Prop_fdre_C_Q)         0.141     1.862 r  nco/counter_reg[7]/Q
                         net (fo=4, routed)           0.068     1.930    nco/counter_reg[7]
    SLICE_X109Y96        CARRY4 (Prop_carry4_DI[3]_CO[3])
                                                      0.113     2.043 r  nco/counter_reg[4]_i_1__0/CO[3]
                         net (fo=1, routed)           0.000     2.043    nco/counter_reg[4]_i_1__0_n_0
    SLICE_X109Y97        CARRY4 (Prop_carry4_CI_CO[3])
                                                      0.039     2.082 r  nco/counter_reg[8]_i_1__0/CO[3]
                         net (fo=1, routed)           0.000     2.082    nco/counter_reg[8]_i_1__0_n_0
    SLICE_X109Y98        CARRY4 (Prop_carry4_CI_CO[3])
                                                      0.039     2.121 r  nco/counter_reg[12]_i_1__0/CO[3]
                         net (fo=1, routed)           0.000     2.121    nco/counter_reg[12]_i_1__0_n_0
    SLICE_X109Y99        CARRY4 (Prop_carry4_CI_CO[3])
                                                      0.039     2.160 r  nco/counter_reg[16]_i_1__0/CO[3]
                         net (fo=1, routed)           0.001     2.161    nco/counter_reg[16]_i_1__0_n_0
    SLICE_X109Y100       CARRY4 (Prop_carry4_CI_O[0])
                                                      0.054     2.215 r  nco/counter_reg[20]_i_1__0/O[0]
                         net (fo=1, routed)           0.000     2.215    nco/counter_reg[20]_i_1__0_n_7
    SLICE_X109Y100       FDRE                                         r  nco/counter_reg[20]/D
  -------------------------------------------------------------------    -------------------

                         (clock clk_125mhz_fpga rise edge)
                                                      0.000     0.000 r  
    H16                                               0.000     0.000 r  CLK_125MHZ_FPGA (IN)
                         net (fo=0)                   0.000     0.000    CLK_125MHZ_FPGA
    H16                  IBUF (Prop_ibuf_I_O)         0.406     0.406 r  CLK_125MHZ_FPGA_IBUF_inst/O
                         net (fo=1, routed)           0.907     1.313    CLK_125MHZ_FPGA_IBUF
    BUFGCTRL_X0Y16       BUFG (Prop_bufg_I_O)         0.029     1.342 r  CLK_125MHZ_FPGA_IBUF_BUFG_inst/O
                         net (fo=312, routed)         0.992     2.334    nco/CLK
    SLICE_X109Y100       FDRE                                         r  nco/counter_reg[20]/C
                         clock pessimism             -0.261     2.073    
    SLICE_X109Y100       FDRE (Hold_fdre_C_D)         0.105     2.178    nco/counter_reg[20]
  -------------------------------------------------------------------
                         required time                         -2.178    
                         arrival time                           2.215    
  -------------------------------------------------------------------
                         slack                                  0.036    





Pulse Width Checks
--------------------------------------------------------------------------------------
Clock Name:         clk_125mhz_fpga
Waveform(ns):       { 0.000 4.000 }
Period(ns):         8.000
Sources:            { CLK_125MHZ_FPGA }

Check Type        Corner  Lib Pin             Reference Pin  Required(ns)  Actual(ns)  Slack(ns)  Location       Pin
Min Period        n/a     RAMB18E1/CLKARDCLK  n/a            2.576         8.000       5.424      RAMB18_X5Y40   sel/CLKARDCLK
Low Pulse Width   Slow    FDRE/C              n/a            0.500         4.000       3.500      SLICE_X104Y94  bp/button_debouncer/saturating_counter_reg[0][0]/C
High Pulse Width  Slow    FDRE/C              n/a            0.500         4.000       3.500      SLICE_X104Y94  bp/button_debouncer/saturating_counter_reg[0][0]/C



