Copyright 1986-2021 Xilinx, Inc. All Rights Reserved.
----------------------------------------------------------------------------------------------
| Tool Version : Vivado v.2021.1 (lin64) Build 3247384 Thu Jun 10 19:36:07 MDT 2021
| Date         : Fri Sep 23 09:33:18 2022
| Host         : c111-6.eecs.berkeley.edu running 64-bit CentOS Linux release 7.9.2009 (Core)
| Command      : report_timing_summary -warn_on_violation -file post_route_timing_summary.rpt
| Design       : z1top
| Device       : 7z020-clg400
| Speed File   : -1  PRODUCTION 1.12 2019-11-22
----------------------------------------------------------------------------------------------

Timing Summary Report

------------------------------------------------------------------------------------------------
| Timer Settings
| --------------
------------------------------------------------------------------------------------------------

  Enable Multi Corner Analysis               :  Yes
  Enable Pessimism Removal                   :  Yes
  Pessimism Removal Resolution               :  Nearest Common Node
  Enable Input Delay Default Clock           :  No
  Enable Preset / Clear Arcs                 :  No
  Disable Flight Delays                      :  No
  Ignore I/O Paths                           :  No
  Timing Early Launch at Borrowing Latches   :  No
  Borrow Time for Max Delay Exceptions       :  Yes
  Merge Timing Exceptions                    :  Yes

  Corner  Analyze    Analyze    
  Name    Max Paths  Min Paths  
  ------  ---------  ---------  
  Slow    Yes        Yes        
  Fast    Yes        Yes        


------------------------------------------------------------------------------------------------
| Report Methodology
| ------------------
------------------------------------------------------------------------------------------------

No report available as report_methodology has not been run prior. Run report_methodology on the current design for the summary of methodology violations.



check_timing report

Table of Contents
-----------------
1. checking no_clock (0)
2. checking constant_clock (0)
3. checking pulse_width_clock (0)
4. checking unconstrained_internal_endpoints (0)
5. checking no_input_delay (4)
6. checking no_output_delay (5)
7. checking multiple_clock (0)
8. checking generated_clocks (0)
9. checking loops (0)
10. checking partial_input_delay (0)
11. checking partial_output_delay (0)
12. checking latch_loops (0)

1. checking no_clock (0)
------------------------
 There are 0 register/latch pins with no clock.


2. checking constant_clock (0)
------------------------------
 There are 0 register/latch pins with constant_clock.


3. checking pulse_width_clock (0)
---------------------------------
 There are 0 register/latch pins which need pulse_width check


4. checking unconstrained_internal_endpoints (0)
------------------------------------------------
 There are 0 pins that are not constrained for maximum delay.

 There are 0 pins that are not constrained for maximum delay due to constant clock.


5. checking no_input_delay (4)
------------------------------
 There are 4 input ports with no input delay specified. (HIGH)

 There are 0 input ports with no input delay but user has a false path constraint.


6. checking no_output_delay (5)
-------------------------------
 There are 5 ports with no output delay specified. (HIGH)

 There are 0 ports with no output delay but user has a false path constraint

 There are 0 ports with no output delay but with a timing clock defined on it or propagating through it


7. checking multiple_clock (0)
------------------------------
 There are 0 register/latch pins with multiple clocks.


8. checking generated_clocks (0)
--------------------------------
 There are 0 generated clocks that are not connected to a clock source.


9. checking loops (0)
---------------------
 There are 0 combinational loops in the design.


10. checking partial_input_delay (0)
------------------------------------
 There are 0 input ports with partial input delay specified.


11. checking partial_output_delay (0)
-------------------------------------
 There are 0 ports with partial output delay specified.


12. checking latch_loops (0)
----------------------------
 There are 0 combinational latch loops in the design through latch input



------------------------------------------------------------------------------------------------
| Design Timing Summary
| ---------------------
------------------------------------------------------------------------------------------------

    WNS(ns)      TNS(ns)  TNS Failing Endpoints  TNS Total Endpoints      WHS(ns)      THS(ns)  THS Failing Endpoints  THS Total Endpoints     WPWS(ns)     TPWS(ns)  TPWS Failing Endpoints  TPWS Total Endpoints  
    -------      -------  ---------------------  -------------------      -------      -------  ---------------------  -------------------     --------     --------  ----------------------  --------------------  
      1.870        0.000                      0                  356        0.052        0.000                      0                  356        3.500        0.000                       0                   150  


All user specified timing constraints are met.


------------------------------------------------------------------------------------------------
| Clock Summary
| -------------
------------------------------------------------------------------------------------------------

Clock            Waveform(ns)         Period(ns)      Frequency(MHz)
-----            ------------         ----------      --------------
clk_125mhz_fpga  {0.000 4.000}        8.000           125.000         


------------------------------------------------------------------------------------------------
| Intra Clock Table
| -----------------
------------------------------------------------------------------------------------------------

Clock                WNS(ns)      TNS(ns)  TNS Failing Endpoints  TNS Total Endpoints      WHS(ns)      THS(ns)  THS Failing Endpoints  THS Total Endpoints     WPWS(ns)     TPWS(ns)  TPWS Failing Endpoints  TPWS Total Endpoints  
-----                -------      -------  ---------------------  -------------------      -------      -------  ---------------------  -------------------     --------     --------  ----------------------  --------------------  
clk_125mhz_fpga        1.870        0.000                      0                  356        0.052        0.000                      0                  356        3.500        0.000                       0                   150  


------------------------------------------------------------------------------------------------
| Inter Clock Table
| -----------------
------------------------------------------------------------------------------------------------

From Clock    To Clock          WNS(ns)      TNS(ns)  TNS Failing Endpoints  TNS Total Endpoints      WHS(ns)      THS(ns)  THS Failing Endpoints  THS Total Endpoints  
----------    --------          -------      -------  ---------------------  -------------------      -------      -------  ---------------------  -------------------  


------------------------------------------------------------------------------------------------
| Other Path Groups Table
| -----------------------
------------------------------------------------------------------------------------------------

Path Group    From Clock    To Clock          WNS(ns)      TNS(ns)  TNS Failing Endpoints  TNS Total Endpoints      WHS(ns)      THS(ns)  THS Failing Endpoints  THS Total Endpoints  
----------    ----------    --------          -------      -------  ---------------------  -------------------      -------      -------  ---------------------  -------------------  


------------------------------------------------------------------------------------------------
| Timing Details
| --------------
------------------------------------------------------------------------------------------------


---------------------------------------------------------------------------------------------------
From Clock:  clk_125mhz_fpga
  To Clock:  clk_125mhz_fpga

Setup :            0  Failing Endpoints,  Worst Slack        1.870ns,  Total Violation        0.000ns
Hold  :            0  Failing Endpoints,  Worst Slack        0.052ns,  Total Violation        0.000ns
PW    :            0  Failing Endpoints,  Worst Slack        3.500ns,  Total Violation        0.000ns
---------------------------------------------------------------------------------------------------


Max Delay Paths
--------------------------------------------------------------------------------------
Slack (MET) :             1.870ns  (required time - arrival time)
  Source:                 gen/i_reg[0]/C
                            (rising edge-triggered cell FDRE clocked by clk_125mhz_fpga  {rise@0.000ns fall@4.000ns period=8.000ns})
  Destination:            gen/i_reg[10]/R
                            (rising edge-triggered cell FDRE clocked by clk_125mhz_fpga  {rise@0.000ns fall@4.000ns period=8.000ns})
  Path Group:             clk_125mhz_fpga
  Path Type:              Setup (Max at Slow Process Corner)
  Requirement:            8.000ns  (clk_125mhz_fpga rise@8.000ns - clk_125mhz_fpga rise@0.000ns)
  Data Path Delay:        5.546ns  (logic 2.667ns (48.088%)  route 2.879ns (51.912%))
  Logic Levels:           11  (CARRY4=8 LUT6=3)
  Clock Path Skew:        -0.025ns (DCD - SCD + CPR)
    Destination Clock Delay (DCD):    5.447ns = ( 13.447 - 8.000 ) 
    Source Clock Delay      (SCD):    5.937ns
    Clock Pessimism Removal (CPR):    0.464ns
  Clock Uncertainty:      0.035ns  ((TSJ^2 + TIJ^2)^1/2 + DJ) / 2 + PE
    Total System Jitter     (TSJ):    0.071ns
    Total Input Jitter      (TIJ):    0.000ns
    Discrete Jitter          (DJ):    0.000ns
    Phase Error              (PE):    0.000ns

    Location             Delay type                Incr(ns)  Path(ns)    Netlist Resource(s)
  -------------------------------------------------------------------    -------------------
                         (clock clk_125mhz_fpga rise edge)
                                                      0.000     0.000 r  
    H16                                               0.000     0.000 r  CLK_125MHZ_FPGA (IN)
                         net (fo=0)                   0.000     0.000    CLK_125MHZ_FPGA
    H16                  IBUF (Prop_ibuf_I_O)         1.451     1.451 r  CLK_125MHZ_FPGA_IBUF_inst/O
                         net (fo=1, routed)           2.522     3.973    CLK_125MHZ_FPGA_IBUF
    BUFGCTRL_X0Y16       BUFG (Prop_bufg_I_O)         0.101     4.074 r  CLK_125MHZ_FPGA_IBUF_BUFG_inst/O
                         net (fo=149, routed)         1.863     5.937    gen/CLK_125MHZ_FPGA_IBUF_BUFG
    SLICE_X108Y54        FDRE                                         r  gen/i_reg[0]/C
  -------------------------------------------------------------------    -------------------
    SLICE_X108Y54        FDRE (Prop_fdre_C_Q)         0.518     6.455 r  gen/i_reg[0]/Q
                         net (fo=3, routed)           0.639     7.094    gen/i_reg[0]
    SLICE_X109Y54        CARRY4 (Prop_carry4_CYINIT_CO[3])
                                                      0.580     7.674 r  gen/i_reg[0]_i_12/CO[3]
                         net (fo=1, routed)           0.000     7.674    gen/i_reg[0]_i_12_n_0
    SLICE_X109Y55        CARRY4 (Prop_carry4_CI_CO[3])
                                                      0.114     7.788 r  gen/i_reg[0]_i_18/CO[3]
                         net (fo=1, routed)           0.000     7.788    gen/i_reg[0]_i_18_n_0
    SLICE_X109Y56        CARRY4 (Prop_carry4_CI_CO[3])
                                                      0.114     7.902 r  gen/i_reg[0]_i_15/CO[3]
                         net (fo=1, routed)           0.000     7.902    gen/i_reg[0]_i_15_n_0
    SLICE_X109Y57        CARRY4 (Prop_carry4_CI_CO[3])
                                                      0.114     8.016 r  gen/i_reg[0]_i_16/CO[3]
                         net (fo=1, routed)           0.000     8.016    gen/i_reg[0]_i_16_n_0
    SLICE_X109Y58        CARRY4 (Prop_carry4_CI_CO[3])
                                                      0.114     8.130 r  gen/i_reg[0]_i_10/CO[3]
                         net (fo=1, routed)           0.000     8.130    gen/i_reg[0]_i_10_n_0
    SLICE_X109Y59        CARRY4 (Prop_carry4_CI_CO[3])
                                                      0.114     8.244 r  gen/i_reg[0]_i_4/CO[3]
                         net (fo=1, routed)           0.000     8.244    gen/i_reg[0]_i_4_n_0
    SLICE_X109Y60        CARRY4 (Prop_carry4_CI_CO[3])
                                                      0.114     8.358 r  gen/i_reg[0]_i_5/CO[3]
                         net (fo=1, routed)           0.000     8.358    gen/i_reg[0]_i_5_n_0
    SLICE_X109Y61        CARRY4 (Prop_carry4_CI_O[1])
                                                      0.334     8.692 f  gen/i_reg[0]_i_9/O[1]
                         net (fo=1, routed)           0.656     9.348    gen/p_0_in[30]
    SLICE_X110Y56        LUT6 (Prop_lut6_I5_O)        0.303     9.651 r  gen/i[0]_i_13/O
                         net (fo=1, routed)           0.303     9.954    gen/i[0]_i_13_n_0
    SLICE_X110Y55        LUT6 (Prop_lut6_I5_O)        0.124    10.078 r  gen/i[0]_i_6/O
                         net (fo=2, routed)           0.573    10.650    dac/i_reg[31]_0
    SLICE_X110Y59        LUT6 (Prop_lut6_I4_O)        0.124    10.774 r  dac/i[0]_i_1/O
                         net (fo=32, routed)          0.708    11.483    gen/code_value
    SLICE_X108Y56        FDRE                                         r  gen/i_reg[10]/R
  -------------------------------------------------------------------    -------------------

                         (clock clk_125mhz_fpga rise edge)
                                                      8.000     8.000 r  
    H16                                               0.000     8.000 r  CLK_125MHZ_FPGA (IN)
                         net (fo=0)                   0.000     8.000    CLK_125MHZ_FPGA
    H16                  IBUF (Prop_ibuf_I_O)         1.380     9.380 r  CLK_125MHZ_FPGA_IBUF_inst/O
                         net (fo=1, routed)           2.293    11.673    CLK_125MHZ_FPGA_IBUF
    BUFGCTRL_X0Y16       BUFG (Prop_bufg_I_O)         0.091    11.764 r  CLK_125MHZ_FPGA_IBUF_BUFG_inst/O
                         net (fo=149, routed)         1.683    13.447    gen/CLK_125MHZ_FPGA_IBUF_BUFG
    SLICE_X108Y56        FDRE                                         r  gen/i_reg[10]/C
                         clock pessimism              0.464    13.912    
                         clock uncertainty           -0.035    13.876    
    SLICE_X108Y56        FDRE (Setup_fdre_C_R)       -0.524    13.352    gen/i_reg[10]
  -------------------------------------------------------------------
                         required time                         13.352    
                         arrival time                         -11.483    
  -------------------------------------------------------------------
                         slack                                  1.870    





Min Delay Paths
--------------------------------------------------------------------------------------
Slack (MET) :             0.052ns  (arrival time - required time)
  Source:                 count/cycles_counter_reg[16]/C
                            (rising edge-triggered cell FDRE clocked by clk_125mhz_fpga  {rise@0.000ns fall@4.000ns period=8.000ns})
  Destination:            count/cycles_counter_reg[20]/D
                            (rising edge-triggered cell FDRE clocked by clk_125mhz_fpga  {rise@0.000ns fall@4.000ns period=8.000ns})
  Path Group:             clk_125mhz_fpga
  Path Type:              Hold (Min at Fast Process Corner)
  Requirement:            0.000ns  (clk_125mhz_fpga rise@0.000ns - clk_125mhz_fpga rise@0.000ns)
  Data Path Delay:        0.510ns  (logic 0.392ns (76.863%)  route 0.118ns (23.137%))
  Logic Levels:           2  (CARRY4=2)
  Clock Path Skew:        0.353ns (DCD - SCD - CPR)
    Destination Clock Delay (DCD):    2.337ns
    Source Clock Delay      (SCD):    1.723ns
    Clock Pessimism Removal (CPR):    0.261ns

    Location             Delay type                Incr(ns)  Path(ns)    Netlist Resource(s)
  -------------------------------------------------------------------    -------------------
                         (clock clk_125mhz_fpga rise edge)
                                                      0.000     0.000 r  
    H16                                               0.000     0.000 r  CLK_125MHZ_FPGA (IN)
                         net (fo=0)                   0.000     0.000    CLK_125MHZ_FPGA
    H16                  IBUF (Prop_ibuf_I_O)         0.219     0.219 r  CLK_125MHZ_FPGA_IBUF_inst/O
                         net (fo=1, routed)           0.842     1.060    CLK_125MHZ_FPGA_IBUF
    BUFGCTRL_X0Y16       BUFG (Prop_bufg_I_O)         0.026     1.086 r  CLK_125MHZ_FPGA_IBUF_BUFG_inst/O
                         net (fo=149, routed)         0.637     1.723    count/CLK_125MHZ_FPGA_IBUF_BUFG
    SLICE_X113Y99        FDRE                                         r  count/cycles_counter_reg[16]/C
  -------------------------------------------------------------------    -------------------
    SLICE_X113Y99        FDRE (Prop_fdre_C_Q)         0.141     1.864 r  count/cycles_counter_reg[16]/Q
                         net (fo=2, routed)           0.117     1.981    count/cycles_counter_reg[16]
    SLICE_X113Y99        CARRY4 (Prop_carry4_S[0]_CO[3])
                                                      0.197     2.178 r  count/cycles_counter_reg[16]_i_1/CO[3]
                         net (fo=1, routed)           0.001     2.179    count/cycles_counter_reg[16]_i_1_n_0
    SLICE_X113Y100       CARRY4 (Prop_carry4_CI_O[0])
                                                      0.054     2.233 r  count/cycles_counter_reg[20]_i_1/O[0]
                         net (fo=1, routed)           0.000     2.233    count/cycles_counter_reg[20]_i_1_n_7
    SLICE_X113Y100       FDRE                                         r  count/cycles_counter_reg[20]/D
  -------------------------------------------------------------------    -------------------

                         (clock clk_125mhz_fpga rise edge)
                                                      0.000     0.000 r  
    H16                                               0.000     0.000 r  CLK_125MHZ_FPGA (IN)
                         net (fo=0)                   0.000     0.000    CLK_125MHZ_FPGA
    H16                  IBUF (Prop_ibuf_I_O)         0.406     0.406 r  CLK_125MHZ_FPGA_IBUF_inst/O
                         net (fo=1, routed)           0.907     1.313    CLK_125MHZ_FPGA_IBUF
    BUFGCTRL_X0Y16       BUFG (Prop_bufg_I_O)         0.029     1.342 r  CLK_125MHZ_FPGA_IBUF_BUFG_inst/O
                         net (fo=149, routed)         0.995     2.337    count/CLK_125MHZ_FPGA_IBUF_BUFG
    SLICE_X113Y100       FDRE                                         r  count/cycles_counter_reg[20]/C
                         clock pessimism             -0.261     2.076    
    SLICE_X113Y100       FDRE (Hold_fdre_C_D)         0.105     2.181    count/cycles_counter_reg[20]
  -------------------------------------------------------------------
                         required time                         -2.181    
                         arrival time                           2.233    
  -------------------------------------------------------------------
                         slack                                  0.052    





Pulse Width Checks
--------------------------------------------------------------------------------------
Clock Name:         clk_125mhz_fpga
Waveform(ns):       { 0.000 4.000 }
Period(ns):         8.000
Sources:            { CLK_125MHZ_FPGA }

Check Type        Corner  Lib Pin  Reference Pin  Required(ns)  Actual(ns)  Slack(ns)  Location        Pin
Min Period        n/a     BUFG/I   n/a            2.155         8.000       5.845      BUFGCTRL_X0Y16  CLK_125MHZ_FPGA_IBUF_BUFG_inst/I
Low Pulse Width   Slow    FDRE/C   n/a            0.500         4.000       3.500      SLICE_X108Y103  bp/button_debouncer/saturating_counter_reg[0][0]/C
High Pulse Width  Slow    FDRE/C   n/a            0.500         4.000       3.500      SLICE_X108Y103  bp/button_debouncer/saturating_counter_reg[0][0]/C



