# Preference setting overrides
gui_create_pref_key -category {Globals} -key {load_detail_for_funcov} -value_type {bool} -value {false}

# State setting overrides
gui_state_default_create -off -ini
gui_set_state_value -category Globals -key recent_databases -value {{gui_open_db -file sim/sq_wave_gen_tb.vpd} {gui_open_db -file /home/cc/eecs151/fa22/class/eecs151-adj/fpga_labs_fa22/lab4/sim/sq_wave_gen_tb.vpd -design V1} {gui_open_db -file sim/counter_tb.vpd} {gui_open_db -file /home/cc/eecs151/fa22/class/eecs151-adj/fpga_labs_fa22/lab3/sim/dac_tb.vpd -design V1} {gui_open_db -file sim/dac_tb.vpd}}
gui_set_state_value -category Layout -key child_console_size_x -value 1177
gui_set_state_value -category Layout -key child_console_size_y -value 176
gui_set_state_value -category Layout -key child_data_size_x -value 171
gui_set_state_value -category Layout -key child_data_size_y -value 337
gui_set_state_value -category Layout -key child_driver_size_x -value 930
gui_set_state_value -category Layout -key child_driver_size_y -value 179
gui_set_state_value -category Layout -key child_hier_col3 -value {-1}
gui_set_state_value -category Layout -key child_hier_colpd -value 0
gui_set_state_value -category Layout -key child_hier_size_x -value 171
gui_set_state_value -category Layout -key child_hier_size_y -value 337
gui_set_state_value -category Layout -key child_source_docknewline -value false
gui_set_state_value -category Layout -key child_source_pos_x -value {-2}
gui_set_state_value -category Layout -key child_source_pos_y -value {-15}
gui_set_state_value -category Layout -key child_source_size_x -value 838
gui_set_state_value -category Layout -key child_source_size_y -value 332
gui_set_state_value -category Layout -key child_wave_colname -value 181
gui_set_state_value -category Layout -key child_wave_colvalue -value 181
gui_set_state_value -category Layout -key child_wave_left -value 367
gui_set_state_value -category Layout -key child_wave_right -value 896
gui_set_state_value -category Layout -key main_pos_x -value 308
gui_set_state_value -category Layout -key main_pos_y -value 75
gui_set_state_value -category Layout -key main_size_x -value 1481
gui_set_state_value -category Layout -key main_size_y -value 679
gui_set_state_value -category Layout -key stand_wave_child_docknewline -value false
gui_set_state_value -category Layout -key stand_wave_child_showstate -value normal
gui_set_state_value -category Layout -key stand_wave_child_size_x -value 1273
gui_set_state_value -category Layout -key stand_wave_child_size_y -value 819
gui_set_state_value -category Layout -key stand_wave_top_pos_x -value 1922
gui_set_state_value -category Layout -key stand_wave_top_pos_y -value 54
gui_set_state_value -category Layout -key stand_wave_top_size_x -value 3198
gui_set_state_value -category Layout -key stand_wave_top_size_y -value 998
gui_create_state_key -category FindDialog -key m_pMatchCase -value_type bool -value false
gui_create_state_key -category FindDialog -key m_pMatchWord -value_type bool -value false
gui_create_state_key -category FindDialog -key m_pUseCombo -value_type string -value {}
gui_create_state_key -category FindDialog -key m_pWrapAround -value_type bool -value true
gui_state_default_create -off

# Begin command logging
gui_open_db -file sim/fsm_tb.vpd
gui_list_expand -id  Hier.1   fsm_tb
gui_list_select -id Hier.1 -current_item_name fsm_tb.DUT -current_item_type Scope  -selected  { fsm_tb.DUT   }
gui_open_window Wave
gui_list_add -id Wave.1 -from Hier.1 { fsm_tb.DUT } -insertionbar
gui_zoom -window Wave.1 -full
gui_list_select -id Wave.1 -selected  { {fsm_tb.DUT.fcw[23:0]}   }
gui_list_set_selected_property -id Wave.1 -radix decimal
gui_list_select -id Wave.1 -selected  { {fsm_tb.DUT.REGULAR_PLAY[1:0]}   }
gui_list_select -id Wave.1 -selected  { {fsm_tb.DUT.fcw[23:0]}   }
gui_save_session -reload -default_file
gui_set_pref_value -category {Globals} -key {use_mhpi_lookup} -value {false}
gui_set_pref_value -category {Globals} -key {use_mhpi_lookup} -value {true}
gui_marker_move -id  Wave.1 C1 859
gui_save_session -reload -default_file
gui_set_pref_value -category {Globals} -key {use_mhpi_lookup} -value {false}
gui_set_pref_value -category {Globals} -key {use_mhpi_lookup} -value {true}
gui_wv_zoom_timerange -id  Wave.1 3842 4495
gui_wv_zoom_timerange -id  Wave.1 4393 4503
gui_marker_move -id  Wave.1 C1 4500
gui_list_select -id Wave.1 -selected  { fsm_tb.DUT.clk   }
gui_marker_move -id  Wave.1 C1 4409
gui_save_session -reload -default_file
gui_set_pref_value -category {Globals} -key {use_mhpi_lookup} -value {false}
gui_set_pref_value -category {Globals} -key {use_mhpi_lookup} -value {true}
gui_list_select -id Wave.1 -selected  { {fsm_tb.DUT.fcw[23:0]}   }
gui_marker_move -id  Wave.1 C1 4432
gui_list_select -id Wave.1 -selected  {  }
gui_save_session -reload -default_file
gui_set_pref_value -category {Globals} -key {use_mhpi_lookup} -value {false}
gui_set_pref_value -category {Globals} -key {use_mhpi_lookup} -value {true}
gui_list_select -id Wave.1 -selected  { {fsm_tb.DUT.d_out[23:0]}   }
gui_list_set_selected_property -id Wave.1 -radix decimal
gui_marker_move -id  Wave.1 C1 4400
gui_close_window -window TopLevel.2
#Dve crash log 
#Encountered Illegal Interrupt SIGXFSZ on Mon Oct 3 16:47:34 2022
#Version: P-2019.06_Full64
#Platform: Linux x86_64
#Data of Built: May 31 2019 21:06:56
