# Preference setting overrides
gui_create_pref_key -category {Globals} -key {load_detail_for_funcov} -value_type {bool} -value {false}

# State setting overrides
gui_state_default_create -off -ini
gui_set_state_value -category Globals -key recent_databases -value {{gui_open_db -file /home/cc/eecs151/fa22/class/eecs151-adj/fpga_labs_fa22/lab3/sim/dac_tb.vpd -design V1} {gui_open_db -file sim/dac_tb.vpd} {gui_open_db -file /home/cc/eecs151/fa22/class/eecs151-adj/fpga_labs_fa22/lab3/sim/counter_tb.vpd -design V1} {gui_open_db -file sim/counter_tb.vpd} {gui_open_db -file sync_tb.vpd}}
gui_set_state_value -category Layout -key child_console_size_x -value 1177
gui_set_state_value -category Layout -key child_console_size_y -value 176
gui_set_state_value -category Layout -key child_data_size_x -value 171
gui_set_state_value -category Layout -key child_data_size_y -value 337
gui_set_state_value -category Layout -key child_driver_size_x -value 930
gui_set_state_value -category Layout -key child_driver_size_y -value 179
gui_set_state_value -category Layout -key child_hier_col3 -value {-1}
gui_set_state_value -category Layout -key child_hier_colpd -value 0
gui_set_state_value -category Layout -key child_hier_size_x -value 171
gui_set_state_value -category Layout -key child_hier_size_y -value 337
gui_set_state_value -category Layout -key child_source_docknewline -value false
gui_set_state_value -category Layout -key child_source_pos_x -value {-2}
gui_set_state_value -category Layout -key child_source_pos_y -value {-15}
gui_set_state_value -category Layout -key child_source_size_x -value 838
gui_set_state_value -category Layout -key child_source_size_y -value 332
gui_set_state_value -category Layout -key child_wave_colname -value 261
gui_set_state_value -category Layout -key child_wave_colvalue -value 218
gui_set_state_value -category Layout -key child_wave_left -value 483
gui_set_state_value -category Layout -key child_wave_right -value 1176
gui_set_state_value -category Layout -key main_pos_x -value 131
gui_set_state_value -category Layout -key main_pos_y -value 206
gui_set_state_value -category Layout -key main_size_x -value 1307
gui_set_state_value -category Layout -key main_size_y -value 813
gui_set_state_value -category Layout -key stand_wave_child_docknewline -value false
gui_set_state_value -category Layout -key stand_wave_child_showstate -value normal
gui_set_state_value -category Layout -key stand_wave_child_size_x -value 1669
gui_set_state_value -category Layout -key stand_wave_child_size_y -value 854
gui_set_state_value -category Layout -key stand_wave_top_pos_x -value 907
gui_set_state_value -category Layout -key stand_wave_top_pos_y -value 119
gui_set_state_value -category Layout -key stand_wave_top_size_x -value 2826
gui_set_state_value -category Layout -key stand_wave_top_size_y -value 1121
gui_create_state_key -category FindDialog -key m_pMatchCase -value_type bool -value false
gui_create_state_key -category FindDialog -key m_pMatchWord -value_type bool -value false
gui_create_state_key -category FindDialog -key m_pUseCombo -value_type string -value {}
gui_create_state_key -category FindDialog -key m_pWrapAround -value_type bool -value true
gui_state_default_create -off

# Begin command logging
gui_open_db -file sim/counter_tb.vpd
gui_open_window Wave
gui_list_add -id Wave.1 -from Hier.1 { counter_tb } -insertionbar
gui_zoom -window Wave.1 -full
gui_zoom -window Wave.1 -full
gui_wv_zoom_timerange -id  Wave.1 0 54989
gui_wv_zoom_timerange -id  Wave.1 0 55274
gui_wv_zoom_timerange -id  Wave.1 0 55937
gui_wv_zoom_timerange -id  Wave.1 0 56410
gui_wv_zoom_timerange -id  Wave.1 0 57168
gui_wv_zoom_timerange -id  Wave.1 0 58021
gui_wv_zoom_timerange -id  Wave.1 0 58826
gui_wv_zoom_timerange -id  Wave.1 0 58968
gui_wv_zoom_timerange -id  Wave.1 0 59157
gui_wv_zoom_timerange -id  Wave.1 0 59205
gui_wv_zoom_timerange -id  Wave.1 0 59821
gui_wv_zoom_timerange -id  Wave.1 0 59915
gui_wv_zoom_timerange -id  Wave.1 0 60199
gui_wv_zoom_timerange -id  Wave.1 0 60578
gui_wv_zoom_timerange -id  Wave.1 0 60768
gui_wv_zoom_timerange -id  Wave.1 0 60863
gui_wv_zoom_timerange -id  Wave.1 0 61620
gui_wv_zoom_timerange -id  Wave.1 0 61810
gui_wv_zoom_timerange -id  Wave.1 0 61905
gui_wv_zoom_timerange -id  Wave.1 0 61952
gui_marker_move -id  Wave.1 C1 2700
gui_zoom -window Wave.1 -full
gui_zoom -window Wave.1 -full
gui_wv_zoom_timerange -id  Wave.1 0 4734
gui_marker_move -id  Wave.1 C1 163
gui_list_select -id Wave.1 -selected  { {counter_tb.buttons[3:0]}   }
gui_wv_zoom_timerange -id  Wave.1 0 4850
gui_list_expand -id  Hier.1   counter_tb
gui_list_select -id Hier.1 -current_item_name counter_tb.ctr -current_item_type Scope  -selected  { counter_tb.ctr   }
gui_open_window Wave
gui_list_add -id Wave.2 -from Hier.1 { counter_tb.ctr } -insertionbar
gui_zoom -window Wave.2 -full
gui_list_select -id Wave.2 -selected  { {counter_tb.ctr.cycles_counter[32:0]}   }
gui_list_select -id Wave.2 -selected  { {counter_tb.ctr.CYCLES_PER_SECOND[31:0]}   }
gui_list_select -id Wave.2 -selected  { {counter_tb.ctr.cycles_counter[32:0]}   }
gui_list_select -id Wave.2 -selected  { counter_tb.ctr.increment   }
gui_list_select -id Wave.2 -selected  { {counter_tb.ctr.cycles_counter[32:0]}   }
gui_marker_move -id  Wave.2 C1 21787
gui_marker_move -id  Wave.2 C1 14000
gui_scroll -window Wave.2 -hrel .2
gui_scroll -window Wave.2 -hrel .2
gui_marker_move -id  Wave.2 C1 14000
gui_marker_move -id  Wave.2 C1 14800
gui_marker_move -id  Wave.2 C1 15600
gui_marker_move -id  Wave.2 C1 16400
gui_marker_move -id  Wave.2 C1 17200
gui_marker_move -id  Wave.2 C1 18000
gui_marker_move -id  Wave.2 C1 19088
gui_marker_move -id  Wave.2 C1 20400
gui_marker_move -id  Wave.2 C1 13830
gui_marker_move -id  Wave.2 C1 16400
gui_marker_move -id  Wave.2 C1 23600
gui_marker_move -id  Wave.2 C1 24400
gui_wv_zoom_timerange -id  Wave.2 0 5447
gui_marker_move -id  Wave.2 C1 245
gui_marker_move -id  Wave.2 C1 786
gui_marker_move -id  Wave.2 C1 1455
gui_marker_move -id  Wave.2 C1 3451
gui_wv_scrollright -id  Wave.2  line
gui_wv_scrollright -id  Wave.2  line
gui_wv_scrollright -id  Wave.2  line
gui_wv_scrollright -id  Wave.2  line
gui_wv_scrollright -id  Wave.2  line
gui_wv_scrollright -id  Wave.2  line
gui_wv_scrollright -id  Wave.2  line
gui_wv_scrollright -id  Wave.2  line
gui_wv_scrollright -id  Wave.2  line
gui_marker_move -id  Wave.2 C1 4811
gui_zoom -window Wave.2 -full
gui_list_select -id Wave.2 -selected  { {counter_tb.ctr.buttons[3:0]}   }
gui_marker_move -id  Wave.2 C1 31829
#Dve crash log 
#Encountered Illegal Interrupt SIGXFSZ on Fri Sep 23 10:29:53 2022
#Version: P-2019.06_Full64
#Platform: Linux x86_64
#Data of Built: May 31 2019 21:06:56
