Copyright 1986-2021 Xilinx, Inc. All Rights Reserved.
----------------------------------------------------------------------------------------------
| Tool Version : Vivado v.2021.1 (lin64) Build 3247384 Thu Jun 10 19:36:07 MDT 2021
| Date         : Tue Oct  4 09:21:05 2022
| Host         : c111-5.eecs.berkeley.edu running 64-bit CentOS Linux release 7.9.2009 (Core)
| Command      : report_timing_summary -file post_synth_timing_summary.rpt
| Design       : z1top
| Device       : 7z020-clg400
| Speed File   : -1  PRODUCTION 1.12 2019-11-22
----------------------------------------------------------------------------------------------

Timing Summary Report

------------------------------------------------------------------------------------------------
| Timer Settings
| --------------
------------------------------------------------------------------------------------------------

  Enable Multi Corner Analysis               :  Yes
  Enable Pessimism Removal                   :  Yes
  Pessimism Removal Resolution               :  Nearest Common Node
  Enable Input Delay Default Clock           :  No
  Enable Preset / Clear Arcs                 :  No
  Disable Flight Delays                      :  No
  Ignore I/O Paths                           :  No
  Timing Early Launch at Borrowing Latches   :  No
  Borrow Time for Max Delay Exceptions       :  Yes
  Merge Timing Exceptions                    :  Yes

  Corner  Analyze    Analyze    
  Name    Max Paths  Min Paths  
  ------  ---------  ---------  
  Slow    Yes        Yes        
  Fast    Yes        Yes        


------------------------------------------------------------------------------------------------
| Report Methodology
| ------------------
------------------------------------------------------------------------------------------------

No report available as report_methodology has not been run prior. Run report_methodology on the current design for the summary of methodology violations.



check_timing report

Table of Contents
-----------------
1. checking no_clock (0)
2. checking constant_clock (0)
3. checking pulse_width_clock (0)
4. checking unconstrained_internal_endpoints (0)
5. checking no_input_delay (6)
6. checking no_output_delay (7)
7. checking multiple_clock (0)
8. checking generated_clocks (0)
9. checking loops (0)
10. checking partial_input_delay (0)
11. checking partial_output_delay (0)
12. checking latch_loops (0)

1. checking no_clock (0)
------------------------
 There are 0 register/latch pins with no clock.


2. checking constant_clock (0)
------------------------------
 There are 0 register/latch pins with constant_clock.


3. checking pulse_width_clock (0)
---------------------------------
 There are 0 register/latch pins which need pulse_width check


4. checking unconstrained_internal_endpoints (0)
------------------------------------------------
 There are 0 pins that are not constrained for maximum delay.

 There are 0 pins that are not constrained for maximum delay due to constant clock.


5. checking no_input_delay (6)
------------------------------
 There are 6 input ports with no input delay specified. (HIGH)

 There are 0 input ports with no input delay but user has a false path constraint.


6. checking no_output_delay (7)
-------------------------------
 There are 7 ports with no output delay specified. (HIGH)

 There are 0 ports with no output delay but user has a false path constraint

 There are 0 ports with no output delay but with a timing clock defined on it or propagating through it


7. checking multiple_clock (0)
------------------------------
 There are 0 register/latch pins with multiple clocks.


8. checking generated_clocks (0)
--------------------------------
 There are 0 generated clocks that are not connected to a clock source.


9. checking loops (0)
---------------------
 There are 0 combinational loops in the design.


10. checking partial_input_delay (0)
------------------------------------
 There are 0 input ports with partial input delay specified.


11. checking partial_output_delay (0)
-------------------------------------
 There are 0 ports with partial output delay specified.


12. checking latch_loops (0)
----------------------------
 There are 0 combinational latch loops in the design through latch input



------------------------------------------------------------------------------------------------
| Design Timing Summary
| ---------------------
------------------------------------------------------------------------------------------------

    WNS(ns)      TNS(ns)  TNS Failing Endpoints  TNS Total Endpoints      WHS(ns)      THS(ns)  THS Failing Endpoints  THS Total Endpoints     WPWS(ns)     TPWS(ns)  TPWS Failing Endpoints  TPWS Total Endpoints  
    -------      -------  ---------------------  -------------------      -------      -------  ---------------------  -------------------     --------     --------  ----------------------  --------------------  
      2.579        0.000                      0                  784        0.072        0.000                      0                  784        3.500        0.000                       0                   313  


All user specified timing constraints are met.


------------------------------------------------------------------------------------------------
| Clock Summary
| -------------
------------------------------------------------------------------------------------------------

Clock            Waveform(ns)         Period(ns)      Frequency(MHz)
-----            ------------         ----------      --------------
clk_125mhz_fpga  {0.000 4.000}        8.000           125.000         


------------------------------------------------------------------------------------------------
| Intra Clock Table
| -----------------
------------------------------------------------------------------------------------------------

Clock                WNS(ns)      TNS(ns)  TNS Failing Endpoints  TNS Total Endpoints      WHS(ns)      THS(ns)  THS Failing Endpoints  THS Total Endpoints     WPWS(ns)     TPWS(ns)  TPWS Failing Endpoints  TPWS Total Endpoints  
-----                -------      -------  ---------------------  -------------------      -------      -------  ---------------------  -------------------     --------     --------  ----------------------  --------------------  
clk_125mhz_fpga        2.579        0.000                      0                  784        0.072        0.000                      0                  784        3.500        0.000                       0                   313  


------------------------------------------------------------------------------------------------
| Inter Clock Table
| -----------------
------------------------------------------------------------------------------------------------

From Clock    To Clock          WNS(ns)      TNS(ns)  TNS Failing Endpoints  TNS Total Endpoints      WHS(ns)      THS(ns)  THS Failing Endpoints  THS Total Endpoints  
----------    --------          -------      -------  ---------------------  -------------------      -------      -------  ---------------------  -------------------  


------------------------------------------------------------------------------------------------
| Other Path Groups Table
| -----------------------
------------------------------------------------------------------------------------------------

Path Group    From Clock    To Clock          WNS(ns)      TNS(ns)  TNS Failing Endpoints  TNS Total Endpoints      WHS(ns)      THS(ns)  THS Failing Endpoints  THS Total Endpoints  
----------    ----------    --------          -------      -------  ---------------------  -------------------      -------      -------  ---------------------  -------------------  


------------------------------------------------------------------------------------------------
| Timing Details
| --------------
------------------------------------------------------------------------------------------------


---------------------------------------------------------------------------------------------------
From Clock:  clk_125mhz_fpga
  To Clock:  clk_125mhz_fpga

Setup :            0  Failing Endpoints,  Worst Slack        2.579ns,  Total Violation        0.000ns
Hold  :            0  Failing Endpoints,  Worst Slack        0.072ns,  Total Violation        0.000ns
PW    :            0  Failing Endpoints,  Worst Slack        3.500ns,  Total Violation        0.000ns
---------------------------------------------------------------------------------------------------


Max Delay Paths
--------------------------------------------------------------------------------------
Slack (MET) :             2.579ns  (required time - arrival time)
  Source:                 fsm/FSM_sequential_CurrentState_reg[1]/C
                            (rising edge-triggered cell FDRE clocked by clk_125mhz_fpga  {rise@0.000ns fall@4.000ns period=8.000ns})
  Destination:            sel/ADDRARDADDR[11]
                            (rising edge-triggered cell RAMB18E1 clocked by clk_125mhz_fpga  {rise@0.000ns fall@4.000ns period=8.000ns})
  Path Group:             clk_125mhz_fpga
  Path Type:              Setup (Max at Slow Process Corner)
  Requirement:            8.000ns  (clk_125mhz_fpga rise@8.000ns - clk_125mhz_fpga rise@0.000ns)
  Data Path Delay:        4.675ns  (logic 2.412ns (51.597%)  route 2.263ns (48.403%))
  Logic Levels:           8  (CARRY4=6 LUT2=1 LUT4=1)
  Clock Path Skew:        -0.145ns (DCD - SCD + CPR)
    Destination Clock Delay (DCD):    2.670ns = ( 10.670 - 8.000 ) 
    Source Clock Delay      (SCD):    2.935ns
    Clock Pessimism Removal (CPR):    0.120ns
  Clock Uncertainty:      0.035ns  ((TSJ^2 + TIJ^2)^1/2 + DJ) / 2 + PE
    Total System Jitter     (TSJ):    0.071ns
    Total Input Jitter      (TIJ):    0.000ns
    Discrete Jitter          (DJ):    0.000ns
    Phase Error              (PE):    0.000ns

    Location             Delay type                Incr(ns)  Path(ns)    Netlist Resource(s)
  -------------------------------------------------------------------    -------------------
                         (clock clk_125mhz_fpga rise edge)
                                                      0.000     0.000 r  
    H16                                               0.000     0.000 r  CLK_125MHZ_FPGA (IN)
                         net (fo=0)                   0.000     0.000    CLK_125MHZ_FPGA
    H16                  IBUF (Prop_ibuf_I_O)         1.451     1.451 r  CLK_125MHZ_FPGA_IBUF_inst/O
                         net (fo=1, unplaced)         0.800     2.250    CLK_125MHZ_FPGA_IBUF
                         BUFG (Prop_bufg_I_O)         0.101     2.351 r  CLK_125MHZ_FPGA_IBUF_BUFG_inst/O
                         net (fo=312, unplaced)       0.584     2.935    fsm/CLK
                         FDRE                                         r  fsm/FSM_sequential_CurrentState_reg[1]/C
  -------------------------------------------------------------------    -------------------
                         FDRE (Prop_fdre_C_Q)         0.478     3.413 r  fsm/FSM_sequential_CurrentState_reg[1]/Q
                         net (fo=84, unplaced)        0.836     4.249    fsm/notes/d_out_reg[0]_0
                         LUT4 (Prop_lut4_I1_O)        0.295     4.544 r  fsm/notes/counter0_carry_i_3__0/O
                         net (fo=1, unplaced)         0.000     4.544    nco/counter0_carry__0_0[1]
                         CARRY4 (Prop_carry4_S[1]_CO[3])
                                                      0.533     5.077 r  nco/counter0_carry/CO[3]
                         net (fo=1, unplaced)         0.009     5.086    nco/counter0_carry_n_0
                         CARRY4 (Prop_carry4_CI_CO[3])
                                                      0.117     5.203 r  nco/counter0_carry__0/CO[3]
                         net (fo=1, unplaced)         0.000     5.203    nco/counter0_carry__0_n_0
                         CARRY4 (Prop_carry4_CI_CO[3])
                                                      0.117     5.320 r  nco/counter0_carry__1/CO[3]
                         net (fo=1, unplaced)         0.000     5.320    nco/counter0_carry__1_n_0
                         CARRY4 (Prop_carry4_CI_CO[3])
                                                      0.117     5.437 r  nco/counter0_carry__2/CO[3]
                         net (fo=1, unplaced)         0.000     5.437    nco/counter0_carry__2_n_0
                         CARRY4 (Prop_carry4_CI_CO[3])
                                                      0.117     5.554 r  nco/counter0_carry__3/CO[3]
                         net (fo=1, unplaced)         0.000     5.554    nco/counter0_carry__3_n_0
                         CARRY4 (Prop_carry4_CI_O[3])
                                                      0.331     5.885 r  nco/counter0_carry__4/O[3]
                         net (fo=1, unplaced)         0.618     6.503    nco/sel__0[7]
                         LUT2 (Prop_lut2_I0_O)        0.307     6.810 r  nco/sel_i_2/O
                         net (fo=1, unplaced)         0.800     7.610    nco_n_24
                         RAMB18E1                                     r  sel/ADDRARDADDR[11]
  -------------------------------------------------------------------    -------------------

                         (clock clk_125mhz_fpga rise edge)
                                                      8.000     8.000 r  
    H16                                               0.000     8.000 r  CLK_125MHZ_FPGA (IN)
                         net (fo=0)                   0.000     8.000    CLK_125MHZ_FPGA
    H16                  IBUF (Prop_ibuf_I_O)         1.380     9.380 r  CLK_125MHZ_FPGA_IBUF_inst/O
                         net (fo=1, unplaced)         0.760    10.140    CLK_125MHZ_FPGA_IBUF
                         BUFG (Prop_bufg_I_O)         0.091    10.231 r  CLK_125MHZ_FPGA_IBUF_BUFG_inst/O
                         net (fo=312, unplaced)       0.439    10.670    CLK_125MHZ_FPGA_IBUF_BUFG
                         RAMB18E1                                     r  sel/CLKARDCLK
                         clock pessimism              0.120    10.790    
                         clock uncertainty           -0.035    10.755    
                         RAMB18E1 (Setup_ramb18e1_CLKARDCLK_ADDRARDADDR[11])
                                                     -0.566    10.189    sel
  -------------------------------------------------------------------
                         required time                         10.189    
                         arrival time                          -7.610    
  -------------------------------------------------------------------
                         slack                                  2.579    





Min Delay Paths
--------------------------------------------------------------------------------------
Slack (MET) :             0.072ns  (arrival time - required time)
  Source:                 nco/counter_reg[10]/C
                            (rising edge-triggered cell FDRE clocked by clk_125mhz_fpga  {rise@0.000ns fall@4.000ns period=8.000ns})
  Destination:            nco/counter_reg[11]/D
                            (rising edge-triggered cell FDRE clocked by clk_125mhz_fpga  {rise@0.000ns fall@4.000ns period=8.000ns})
  Path Group:             clk_125mhz_fpga
  Path Type:              Hold (Min at Fast Process Corner)
  Requirement:            0.000ns  (clk_125mhz_fpga rise@0.000ns - clk_125mhz_fpga rise@0.000ns)
  Data Path Delay:        0.330ns  (logic 0.239ns (72.414%)  route 0.091ns (27.586%))
  Logic Levels:           1  (CARRY4=1)
  Clock Path Skew:        0.145ns (DCD - SCD - CPR)
    Destination Clock Delay (DCD):    1.049ns
    Source Clock Delay      (SCD):    0.696ns
    Clock Pessimism Removal (CPR):    0.208ns

    Location             Delay type                Incr(ns)  Path(ns)    Netlist Resource(s)
  -------------------------------------------------------------------    -------------------
                         (clock clk_125mhz_fpga rise edge)
                                                      0.000     0.000 r  
    H16                                               0.000     0.000 r  CLK_125MHZ_FPGA (IN)
                         net (fo=0)                   0.000     0.000    CLK_125MHZ_FPGA
    H16                  IBUF (Prop_ibuf_I_O)         0.219     0.219 r  CLK_125MHZ_FPGA_IBUF_inst/O
                         net (fo=1, unplaced)         0.337     0.556    CLK_125MHZ_FPGA_IBUF
                         BUFG (Prop_bufg_I_O)         0.026     0.582 r  CLK_125MHZ_FPGA_IBUF_BUFG_inst/O
                         net (fo=312, unplaced)       0.114     0.696    nco/CLK
                         FDRE                                         r  nco/counter_reg[10]/C
  -------------------------------------------------------------------    -------------------
                         FDRE (Prop_fdre_C_Q)         0.147     0.843 r  nco/counter_reg[10]/Q
                         net (fo=4, unplaced)         0.091     0.934    nco/counter_reg[10]
                         CARRY4 (Prop_carry4_DI[2]_O[3])
                                                      0.092     1.026 r  nco/counter_reg[8]_i_1__0/O[3]
                         net (fo=1, unplaced)         0.000     1.026    nco/counter_reg[8]_i_1__0_n_4
                         FDRE                                         r  nco/counter_reg[11]/D
  -------------------------------------------------------------------    -------------------

                         (clock clk_125mhz_fpga rise edge)
                                                      0.000     0.000 r  
    H16                                               0.000     0.000 r  CLK_125MHZ_FPGA (IN)
                         net (fo=0)                   0.000     0.000    CLK_125MHZ_FPGA
    H16                  IBUF (Prop_ibuf_I_O)         0.406     0.406 r  CLK_125MHZ_FPGA_IBUF_inst/O
                         net (fo=1, unplaced)         0.355     0.761    CLK_125MHZ_FPGA_IBUF
                         BUFG (Prop_bufg_I_O)         0.029     0.790 r  CLK_125MHZ_FPGA_IBUF_BUFG_inst/O
                         net (fo=312, unplaced)       0.259     1.049    nco/CLK
                         FDRE                                         r  nco/counter_reg[11]/C
                         clock pessimism             -0.208     0.841    
                         FDRE (Hold_fdre_C_D)         0.113     0.954    nco/counter_reg[11]
  -------------------------------------------------------------------
                         required time                         -0.954    
                         arrival time                           1.026    
  -------------------------------------------------------------------
                         slack                                  0.072    





Pulse Width Checks
--------------------------------------------------------------------------------------
Clock Name:         clk_125mhz_fpga
Waveform(ns):       { 0.000 4.000 }
Period(ns):         8.000
Sources:            { CLK_125MHZ_FPGA }

Check Type        Corner  Lib Pin             Reference Pin  Required(ns)  Actual(ns)  Slack(ns)  Location  Pin
Min Period        n/a     RAMB18E1/CLKARDCLK  n/a            2.576         8.000       5.424                sel/CLKARDCLK
Low Pulse Width   Slow    FDRE/C              n/a            0.500         4.000       3.500                bp/button_debouncer/saturating_counter_reg[0][0]/C
High Pulse Width  Slow    FDRE/C              n/a            0.500         4.000       3.500                bp/button_debouncer/saturating_counter_reg[0][0]/C



