
****** Vivado v2021.1 (64-bit)
  **** SW Build 3247384 on Thu Jun 10 19:36:07 MDT 2021
  **** IP Build 3246043 on Fri Jun 11 00:30:35 MDT 2021
    ** Copyright 1986-2021 Xilinx, Inc. All Rights Reserved.

source /home/cc/eecs151/fa22/class/eecs151-adj/fpga_labs_fa22/lab1/../scripts/impl.tcl
# source ../target.tcl
## set ABS_TOP                         /home/cc/eecs151/fa22/class/eecs151-adj/fpga_labs_fa22/lab1
## set TOP                            z1top
## set FPGA_PART                      xc7z020clg400-1
## set_param general.maxThreads       4
## set_param general.maxBackupLogs    0
## set RTL { /home/cc/eecs151/fa22/class/eecs151-adj/fpga_labs_fa22/lab1/src/z1top.v }
## set CONSTRAINTS { /home/cc/eecs151/fa22/class/eecs151-adj/fpga_labs_fa22/lab1/src/z1top.xdc }
# open_checkpoint ${ABS_TOP}/build/synth/${TOP}.dcp
Command: open_checkpoint /home/cc/eecs151/fa22/class/eecs151-adj/fpga_labs_fa22/lab1/build/synth/z1top.dcp

Starting open_checkpoint Task

Time (s): cpu = 00:00:00.12 ; elapsed = 00:00:00.06 . Memory (MB): peak = 2566.355 ; gain = 5.938 ; free physical = 2020 ; free virtual = 11091
INFO: [Device 21-403] Loading part xc7z020clg400-1
Netlist sorting complete. Time (s): cpu = 00:00:00 ; elapsed = 00:00:00 . Memory (MB): peak = 2572.660 ; gain = 0.000 ; free physical = 2513 ; free virtual = 11584
INFO: [Project 1-479] Netlist was created with Vivado 2021.1
INFO: [Project 1-570] Preparing netlist for logic optimization
INFO: [Timing 38-478] Restoring timing data from binary archive.
INFO: [Timing 38-479] Binary timing data restore complete.
INFO: [Project 1-856] Restoring constraints from binary archive.
INFO: [Project 1-853] Binary constraint restore complete.
Reading XDEF placement.
Reading placer database...
Reading XDEF routing.
Read XDEF File: Time (s): cpu = 00:00:00.07 ; elapsed = 00:00:00.08 . Memory (MB): peak = 2572.660 ; gain = 0.000 ; free physical = 2038 ; free virtual = 11109
Restored from archive | CPU: 0.080000 secs | Memory: 1.161560 MB |
Finished XDEF File Restore: Time (s): cpu = 00:00:00.07 ; elapsed = 00:00:00.08 . Memory (MB): peak = 2572.660 ; gain = 0.000 ; free physical = 2038 ; free virtual = 11109
Netlist sorting complete. Time (s): cpu = 00:00:00 ; elapsed = 00:00:00 . Memory (MB): peak = 2572.660 ; gain = 0.000 ; free physical = 2038 ; free virtual = 11109
INFO: [Project 1-111] Unisim Transformation Summary:
No Unisim elements were transformed.

INFO: [Project 1-604] Checkpoint was created with Vivado v2021.1 (64-bit) build 3247384
open_checkpoint: Time (s): cpu = 00:00:15 ; elapsed = 00:00:17 . Memory (MB): peak = 2572.660 ; gain = 16.215 ; free physical = 2039 ; free virtual = 11110
# if {[string trim ${CONSTRAINTS}] ne ""} {
#   read_xdc ${CONSTRAINTS}
# }
Parsing XDC File [/home/cc/eecs151/fa22/class/eecs151-adj/fpga_labs_fa22/lab1/src/z1top.xdc]
Finished Parsing XDC File [/home/cc/eecs151/fa22/class/eecs151-adj/fpga_labs_fa22/lab1/src/z1top.xdc]
# opt_design
Command: opt_design
Attempting to get a license for feature 'Implementation' and/or device 'xc7z020'
INFO: [Common 17-349] Got license for feature 'Implementation' and/or device 'xc7z020'
Running DRC as a precondition to command opt_design

Starting DRC Task
INFO: [DRC 23-27] Running DRC with 4 threads
INFO: [Project 1-461] DRC finished with 0 Errors
INFO: [Project 1-462] Please refer to the DRC report (report_drc) for more information.

Time (s): cpu = 00:00:00.65 ; elapsed = 00:00:00.67 . Memory (MB): peak = 2607.484 ; gain = 34.824 ; free physical = 2019 ; free virtual = 11090

Starting Cache Timing Information Task
INFO: [Timing 38-35] Done setting XDC timing constraints.
Ending Cache Timing Information Task | Checksum: 15f735fbf

Time (s): cpu = 00:00:00.03 ; elapsed = 00:00:00.03 . Memory (MB): peak = 2651.297 ; gain = 43.812 ; free physical = 2031 ; free virtual = 11102

Starting Logic Optimization Task

Phase 1 Retarget
INFO: [Opt 31-138] Pushed 0 inverter(s) to 0 load pin(s).
INFO: [Opt 31-49] Retargeted 0 cell(s).
Phase 1 Retarget | Checksum: 15f735fbf

Time (s): cpu = 00:00:00.03 ; elapsed = 00:00:00.03 . Memory (MB): peak = 2822.297 ; gain = 0.004 ; free physical = 1856 ; free virtual = 10927
INFO: [Opt 31-389] Phase Retarget created 0 cells and removed 0 cells

Phase 2 Constant propagation
INFO: [Opt 31-138] Pushed 0 inverter(s) to 0 load pin(s).
Phase 2 Constant propagation | Checksum: 15f735fbf

Time (s): cpu = 00:00:00.03 ; elapsed = 00:00:00.03 . Memory (MB): peak = 2822.297 ; gain = 0.004 ; free physical = 1856 ; free virtual = 10927
INFO: [Opt 31-389] Phase Constant propagation created 0 cells and removed 0 cells

Phase 3 Sweep
Phase 3 Sweep | Checksum: 15f735fbf

Time (s): cpu = 00:00:00.04 ; elapsed = 00:00:00.03 . Memory (MB): peak = 2822.297 ; gain = 0.004 ; free physical = 1856 ; free virtual = 10927
INFO: [Opt 31-389] Phase Sweep created 0 cells and removed 0 cells

Phase 4 BUFG optimization
Phase 4 BUFG optimization | Checksum: 15f735fbf

Time (s): cpu = 00:00:00.04 ; elapsed = 00:00:00.03 . Memory (MB): peak = 2822.297 ; gain = 0.004 ; free physical = 1856 ; free virtual = 10927
INFO: [Opt 31-662] Phase BUFG optimization created 0 cells of which 0 are BUFGs and removed 0 cells.

Phase 5 Shift Register Optimization
INFO: [Opt 31-1064] SRL Remap converted 0 SRLs to 0 registers and converted 0 registers of register chains to 0 SRLs
Phase 5 Shift Register Optimization | Checksum: 15f735fbf

Time (s): cpu = 00:00:00.04 ; elapsed = 00:00:00.04 . Memory (MB): peak = 2822.297 ; gain = 0.004 ; free physical = 1856 ; free virtual = 10927
INFO: [Opt 31-389] Phase Shift Register Optimization created 0 cells and removed 0 cells

Phase 6 Post Processing Netlist
Phase 6 Post Processing Netlist | Checksum: 15f735fbf

Time (s): cpu = 00:00:00.04 ; elapsed = 00:00:00.04 . Memory (MB): peak = 2822.297 ; gain = 0.004 ; free physical = 1856 ; free virtual = 10927
INFO: [Opt 31-389] Phase Post Processing Netlist created 0 cells and removed 0 cells
Opt_design Change Summary
=========================


-------------------------------------------------------------------------------------------------------------------------
|  Phase                        |  #Cells created  |  #Cells Removed  |  #Constrained objects preventing optimizations  |
-------------------------------------------------------------------------------------------------------------------------
|  Retarget                     |               0  |               0  |                                              0  |
|  Constant propagation         |               0  |               0  |                                              0  |
|  Sweep                        |               0  |               0  |                                              0  |
|  BUFG optimization            |               0  |               0  |                                              0  |
|  Shift Register Optimization  |               0  |               0  |                                              0  |
|  Post Processing Netlist      |               0  |               0  |                                              0  |
-------------------------------------------------------------------------------------------------------------------------



Starting Connectivity Check Task

Time (s): cpu = 00:00:00 ; elapsed = 00:00:00 . Memory (MB): peak = 2822.297 ; gain = 0.000 ; free physical = 1856 ; free virtual = 10927
Ending Logic Optimization Task | Checksum: 15f735fbf

Time (s): cpu = 00:00:00.04 ; elapsed = 00:00:00.04 . Memory (MB): peak = 2822.297 ; gain = 0.004 ; free physical = 1856 ; free virtual = 10927

Starting Power Optimization Task
INFO: [Pwropt 34-132] Skipping clock gating for clocks with a period < 2.00 ns.
Ending Power Optimization Task | Checksum: 15f735fbf

Time (s): cpu = 00:00:00.01 ; elapsed = 00:00:00.01 . Memory (MB): peak = 2822.297 ; gain = 0.000 ; free physical = 1856 ; free virtual = 10927

Starting Final Cleanup Task
Ending Final Cleanup Task | Checksum: 15f735fbf

Time (s): cpu = 00:00:00 ; elapsed = 00:00:00 . Memory (MB): peak = 2822.297 ; gain = 0.000 ; free physical = 1856 ; free virtual = 10927

Starting Netlist Obfuscation Task
Netlist sorting complete. Time (s): cpu = 00:00:00 ; elapsed = 00:00:00 . Memory (MB): peak = 2822.297 ; gain = 0.000 ; free physical = 1856 ; free virtual = 10927
Ending Netlist Obfuscation Task | Checksum: 15f735fbf

Time (s): cpu = 00:00:00 ; elapsed = 00:00:00 . Memory (MB): peak = 2822.297 ; gain = 0.000 ; free physical = 1856 ; free virtual = 10927
INFO: [Common 17-83] Releasing license: Implementation
17 Infos, 0 Warnings, 0 Critical Warnings and 0 Errors encountered.
opt_design completed successfully
INFO: [Common 17-600] The following parameters have non-default value.
general.maxThreads
# place_design
Command: place_design
Attempting to get a license for feature 'Implementation' and/or device 'xc7z020'
INFO: [Common 17-349] Got license for feature 'Implementation' and/or device 'xc7z020'
INFO: [Timing 38-35] Done setting XDC timing constraints.
INFO: [DRC 23-27] Running DRC with 4 threads
INFO: [Vivado_Tcl 4-198] DRC finished with 0 Errors
INFO: [Vivado_Tcl 4-199] Please refer to the DRC report (report_drc) for more information.
Running DRC as a precondition to command place_design
INFO: [DRC 23-27] Running DRC with 4 threads
INFO: [Vivado_Tcl 4-198] DRC finished with 0 Errors
INFO: [Vivado_Tcl 4-199] Please refer to the DRC report (report_drc) for more information.

Starting Placer Task
INFO: [Place 30-611] Multithreading enabled for place_design using a maximum of 4 CPUs

Phase 1 Placer Initialization

Phase 1.1 Placer Initialization Netlist Sorting
Netlist sorting complete. Time (s): cpu = 00:00:00 ; elapsed = 00:00:00 . Memory (MB): peak = 2916.781 ; gain = 0.000 ; free physical = 1813 ; free virtual = 10884
Phase 1.1 Placer Initialization Netlist Sorting | Checksum: 125fe4d09

Time (s): cpu = 00:00:00 ; elapsed = 00:00:00.02 . Memory (MB): peak = 2916.781 ; gain = 0.000 ; free physical = 1813 ; free virtual = 10884
Netlist sorting complete. Time (s): cpu = 00:00:00 ; elapsed = 00:00:00 . Memory (MB): peak = 2916.781 ; gain = 0.000 ; free physical = 1812 ; free virtual = 10884

Phase 1.2 IO Placement/ Clock Placement/ Build Placer Device
Phase 1.2 IO Placement/ Clock Placement/ Build Placer Device | Checksum: 125fe4d09

Time (s): cpu = 00:00:00.18 ; elapsed = 00:00:00.14 . Memory (MB): peak = 2916.781 ; gain = 0.000 ; free physical = 1833 ; free virtual = 10904

Phase 1.3 Build Placer Netlist Model
Phase 1.3 Build Placer Netlist Model | Checksum: 1908645c2

Time (s): cpu = 00:00:00.21 ; elapsed = 00:00:00.17 . Memory (MB): peak = 2916.781 ; gain = 0.000 ; free physical = 1831 ; free virtual = 10902

Phase 1.4 Constrain Clocks/Macros
Phase 1.4 Constrain Clocks/Macros | Checksum: 1908645c2

Time (s): cpu = 00:00:00.21 ; elapsed = 00:00:00.17 . Memory (MB): peak = 2916.781 ; gain = 0.000 ; free physical = 1831 ; free virtual = 10902
Phase 1 Placer Initialization | Checksum: 1908645c2

Time (s): cpu = 00:00:00.22 ; elapsed = 00:00:00.17 . Memory (MB): peak = 2916.781 ; gain = 0.000 ; free physical = 1829 ; free virtual = 10901

Phase 2 Global Placement

Phase 2.1 Floorplanning
Phase 2.1 Floorplanning | Checksum: 1908645c2

Time (s): cpu = 00:00:00.22 ; elapsed = 00:00:00.18 . Memory (MB): peak = 2916.781 ; gain = 0.000 ; free physical = 1828 ; free virtual = 10899

Phase 2.2 Update Timing before SLR Path Opt
Phase 2.2 Update Timing before SLR Path Opt | Checksum: 1908645c2

Time (s): cpu = 00:00:00.22 ; elapsed = 00:00:00.18 . Memory (MB): peak = 2916.781 ; gain = 0.000 ; free physical = 1828 ; free virtual = 10899

Phase 2.3 Post-Processing in Floorplanning
Phase 2.3 Post-Processing in Floorplanning | Checksum: 1908645c2

Time (s): cpu = 00:00:00.22 ; elapsed = 00:00:00.18 . Memory (MB): peak = 2916.781 ; gain = 0.000 ; free physical = 1828 ; free virtual = 10899

Phase 2.4 Global Placement Core
WARNING: [Place 46-29] place_design is not in timing mode. Skip physical synthesis in placer
Phase 2.4 Global Placement Core | Checksum: 1d388923f

Time (s): cpu = 00:00:00.61 ; elapsed = 00:00:00.36 . Memory (MB): peak = 2940.793 ; gain = 24.012 ; free physical = 1823 ; free virtual = 10894
Phase 2 Global Placement | Checksum: 1d388923f

Time (s): cpu = 00:00:00.61 ; elapsed = 00:00:00.36 . Memory (MB): peak = 2940.793 ; gain = 24.012 ; free physical = 1823 ; free virtual = 10894

Phase 3 Detail Placement

Phase 3.1 Commit Multi Column Macros
Phase 3.1 Commit Multi Column Macros | Checksum: 1d388923f

Time (s): cpu = 00:00:00.63 ; elapsed = 00:00:00.36 . Memory (MB): peak = 2940.793 ; gain = 24.012 ; free physical = 1823 ; free virtual = 10894

Phase 3.2 Commit Most Macros & LUTRAMs
Phase 3.2 Commit Most Macros & LUTRAMs | Checksum: 14e2144f4

Time (s): cpu = 00:00:00.64 ; elapsed = 00:00:00.37 . Memory (MB): peak = 2940.793 ; gain = 24.012 ; free physical = 1823 ; free virtual = 10894

Phase 3.3 Area Swap Optimization
Phase 3.3 Area Swap Optimization | Checksum: 1b38bb9b4

Time (s): cpu = 00:00:00.66 ; elapsed = 00:00:00.38 . Memory (MB): peak = 2940.793 ; gain = 24.012 ; free physical = 1822 ; free virtual = 10894

Phase 3.4 Pipeline Register Optimization
Phase 3.4 Pipeline Register Optimization | Checksum: 1b38bb9b4

Time (s): cpu = 00:00:00.66 ; elapsed = 00:00:00.38 . Memory (MB): peak = 2940.793 ; gain = 24.012 ; free physical = 1822 ; free virtual = 10894

Phase 3.5 Small Shape Detail Placement
Phase 3.5 Small Shape Detail Placement | Checksum: 1e854c4db

Time (s): cpu = 00:00:00.83 ; elapsed = 00:00:00.53 . Memory (MB): peak = 2941.797 ; gain = 25.016 ; free physical = 1820 ; free virtual = 10891

Phase 3.6 Re-assign LUT pins
Phase 3.6 Re-assign LUT pins | Checksum: 1e854c4db

Time (s): cpu = 00:00:00.83 ; elapsed = 00:00:00.54 . Memory (MB): peak = 2941.797 ; gain = 25.016 ; free physical = 1820 ; free virtual = 10891

Phase 3.7 Pipeline Register Optimization
Phase 3.7 Pipeline Register Optimization | Checksum: 1e854c4db

Time (s): cpu = 00:00:00.83 ; elapsed = 00:00:00.54 . Memory (MB): peak = 2941.797 ; gain = 25.016 ; free physical = 1820 ; free virtual = 10891
Phase 3 Detail Placement | Checksum: 1e854c4db

Time (s): cpu = 00:00:00.83 ; elapsed = 00:00:00.54 . Memory (MB): peak = 2941.797 ; gain = 25.016 ; free physical = 1820 ; free virtual = 10891

Phase 4 Post Placement Optimization and Clean-Up

Phase 4.1 Post Commit Optimization
Phase 4.1 Post Commit Optimization | Checksum: 1e854c4db

Time (s): cpu = 00:00:00.85 ; elapsed = 00:00:00.54 . Memory (MB): peak = 2941.797 ; gain = 25.016 ; free physical = 1820 ; free virtual = 10891

Phase 4.2 Post Placement Cleanup
Phase 4.2 Post Placement Cleanup | Checksum: 1e854c4db

Time (s): cpu = 00:00:00.86 ; elapsed = 00:00:00.55 . Memory (MB): peak = 2941.797 ; gain = 25.016 ; free physical = 1821 ; free virtual = 10892

Phase 4.3 Placer Reporting

Phase 4.3.1 Print Estimated Congestion
INFO: [Place 30-612] Post-Placement Estimated Congestion 
 ____________________________________________________
|           | Global Congestion | Short Congestion  |
| Direction | Region Size       | Region Size       |
|___________|___________________|___________________|
|      North|                1x1|                1x1|
|___________|___________________|___________________|
|      South|                1x1|                1x1|
|___________|___________________|___________________|
|       East|                1x1|                1x1|
|___________|___________________|___________________|
|       West|                1x1|                1x1|
|___________|___________________|___________________|

Phase 4.3.1 Print Estimated Congestion | Checksum: 1e854c4db

Time (s): cpu = 00:00:00.86 ; elapsed = 00:00:00.55 . Memory (MB): peak = 2941.797 ; gain = 25.016 ; free physical = 1821 ; free virtual = 10892
Phase 4.3 Placer Reporting | Checksum: 1e854c4db

Time (s): cpu = 00:00:00.86 ; elapsed = 00:00:00.55 . Memory (MB): peak = 2941.797 ; gain = 25.016 ; free physical = 1821 ; free virtual = 10892

Phase 4.4 Final Placement Cleanup
Netlist sorting complete. Time (s): cpu = 00:00:00 ; elapsed = 00:00:00 . Memory (MB): peak = 2941.797 ; gain = 0.000 ; free physical = 1821 ; free virtual = 10892

Time (s): cpu = 00:00:00.86 ; elapsed = 00:00:00.55 . Memory (MB): peak = 2941.797 ; gain = 25.016 ; free physical = 1821 ; free virtual = 10892
Phase 4 Post Placement Optimization and Clean-Up | Checksum: 1e854c4db

Time (s): cpu = 00:00:00.86 ; elapsed = 00:00:00.55 . Memory (MB): peak = 2941.797 ; gain = 25.016 ; free physical = 1821 ; free virtual = 10892
Ending Placer Task | Checksum: 1142d32db

Time (s): cpu = 00:00:00.87 ; elapsed = 00:00:00.56 . Memory (MB): peak = 2941.797 ; gain = 25.016 ; free physical = 1821 ; free virtual = 10892
INFO: [Common 17-83] Releasing license: Implementation
11 Infos, 1 Warnings, 0 Critical Warnings and 0 Errors encountered.
place_design completed successfully
INFO: [Common 17-600] The following parameters have non-default value.
general.maxThreads
# write_checkpoint -force ${TOP}_placed.dcp
INFO: [Timing 38-480] Writing timing data to binary archive.
Writing placer database...
Writing XDEF routing.
Writing XDEF routing logical nets.
Writing XDEF routing special nets.
Write XDEF Complete: Time (s): cpu = 00:00:00.06 ; elapsed = 00:00:00.04 . Memory (MB): peak = 2949.801 ; gain = 0.004 ; free physical = 1833 ; free virtual = 10907
INFO: [Common 17-1381] The checkpoint '/home/cc/eecs151/fa22/class/eecs151-adj/fpga_labs_fa22/lab1/build/impl/z1top_placed.dcp' has been generated.
# report_utilization -file post_place_utilization.rpt
# phys_opt_design
Command: phys_opt_design
Attempting to get a license for feature 'Implementation' and/or device 'xc7z020'
INFO: [Common 17-349] Got license for feature 'Implementation' and/or device 'xc7z020'
INFO: [Vivado_Tcl 4-235] No timing constraint found. The netlist was not modified.
INFO: [Common 17-83] Releasing license: Implementation
3 Infos, 0 Warnings, 0 Critical Warnings and 0 Errors encountered.
phys_opt_design completed successfully
INFO: [Common 17-600] The following parameters have non-default value.
general.maxThreads
# route_design
Command: route_design
Attempting to get a license for feature 'Implementation' and/or device 'xc7z020'
INFO: [Common 17-349] Got license for feature 'Implementation' and/or device 'xc7z020'
Running DRC as a precondition to command route_design
INFO: [DRC 23-27] Running DRC with 4 threads
INFO: [Vivado_Tcl 4-198] DRC finished with 0 Errors
INFO: [Vivado_Tcl 4-199] Please refer to the DRC report (report_drc) for more information.


Starting Routing Task
INFO: [Route 35-254] Multithreading enabled for route_design using a maximum of 4 CPUs
Checksum: PlaceDB: 7b572d3a ConstDB: 0 ShapeSum: 98d605a1 RouteDB: 0

Phase 1 Build RT Design
Phase 1 Build RT Design | Checksum: 1ba05a00c

Time (s): cpu = 00:00:21 ; elapsed = 00:00:17 . Memory (MB): peak = 3017.422 ; gain = 67.621 ; free physical = 1688 ; free virtual = 10757
Post Restoration Checksum: NetGraph: f2d9a03e NumContArr: c72bffce Constraints: 0 Timing: 0

Phase 2 Router Initialization
INFO: [Route 35-64] No timing constraints were detected. The router will operate in resource-optimization mode.

Phase 2.1 Fix Topology Constraints
Phase 2.1 Fix Topology Constraints | Checksum: 1ba05a00c

Time (s): cpu = 00:00:21 ; elapsed = 00:00:17 . Memory (MB): peak = 3024.418 ; gain = 74.617 ; free physical = 1673 ; free virtual = 10742

Phase 2.2 Pre Route Cleanup
Phase 2.2 Pre Route Cleanup | Checksum: 1ba05a00c

Time (s): cpu = 00:00:21 ; elapsed = 00:00:17 . Memory (MB): peak = 3024.418 ; gain = 74.617 ; free physical = 1673 ; free virtual = 10742
 Number of Nodes with overlaps = 0
Phase 2 Router Initialization | Checksum: 116f3d515

Time (s): cpu = 00:00:22 ; elapsed = 00:00:17 . Memory (MB): peak = 3036.301 ; gain = 86.500 ; free physical = 1668 ; free virtual = 10740

Router Utilization Summary
  Global Vertical Routing Utilization    = 0 %
  Global Horizontal Routing Utilization  = 0 %
  Routable Net Status*
  *Does not include unroutable nets such as driverless and loadless.
  Run report_route_status for detailed report.
  Number of Failed Nets               = 7
    (Failed Nets is the sum of unrouted and partially routed nets)
  Number of Unrouted Nets             = 7
  Number of Partially Routed Nets     = 0
  Number of Node Overlaps             = 0


Phase 3 Initial Routing

Phase 3.1 Global Routing
Phase 3.1 Global Routing | Checksum: 116f3d515

Time (s): cpu = 00:00:22 ; elapsed = 00:00:17 . Memory (MB): peak = 3037.301 ; gain = 87.500 ; free physical = 1668 ; free virtual = 10740
Phase 3 Initial Routing | Checksum: ed997132

Time (s): cpu = 00:00:22 ; elapsed = 00:00:17 . Memory (MB): peak = 3037.301 ; gain = 87.500 ; free physical = 1666 ; free virtual = 10737

Phase 4 Rip-up And Reroute

Phase 4.1 Global Iteration 0
 Number of Nodes with overlaps = 0
Phase 4.1 Global Iteration 0 | Checksum: 113c7c6f8

Time (s): cpu = 00:00:22 ; elapsed = 00:00:17 . Memory (MB): peak = 3037.301 ; gain = 87.500 ; free physical = 1665 ; free virtual = 10737
Phase 4 Rip-up And Reroute | Checksum: 113c7c6f8

Time (s): cpu = 00:00:22 ; elapsed = 00:00:17 . Memory (MB): peak = 3037.301 ; gain = 87.500 ; free physical = 1665 ; free virtual = 10737

Phase 5 Delay and Skew Optimization
Phase 5 Delay and Skew Optimization | Checksum: 113c7c6f8

Time (s): cpu = 00:00:22 ; elapsed = 00:00:17 . Memory (MB): peak = 3037.301 ; gain = 87.500 ; free physical = 1665 ; free virtual = 10737

Phase 6 Post Hold Fix

Phase 6.1 Hold Fix Iter
Phase 6.1 Hold Fix Iter | Checksum: 113c7c6f8

Time (s): cpu = 00:00:22 ; elapsed = 00:00:17 . Memory (MB): peak = 3037.301 ; gain = 87.500 ; free physical = 1665 ; free virtual = 10737
Phase 6 Post Hold Fix | Checksum: 113c7c6f8

Time (s): cpu = 00:00:22 ; elapsed = 00:00:17 . Memory (MB): peak = 3037.301 ; gain = 87.500 ; free physical = 1665 ; free virtual = 10737

Phase 7 Route finalize

Router Utilization Summary
  Global Vertical Routing Utilization    = 0.00605778 %
  Global Horizontal Routing Utilization  = 0.00177485 %
  Routable Net Status*
  *Does not include unroutable nets such as driverless and loadless.
  Run report_route_status for detailed report.
  Number of Failed Nets               = 0
    (Failed Nets is the sum of unrouted and partially routed nets)
  Number of Unrouted Nets             = 0
  Number of Partially Routed Nets     = 0
  Number of Node Overlaps             = 0

Congestion Report
North Dir 1x1 Area, Max Cong = 9.00901%, No Congested Regions.
South Dir 1x1 Area, Max Cong = 0.900901%, No Congested Regions.
East Dir 1x1 Area, Max Cong = 2.94118%, No Congested Regions.
West Dir 1x1 Area, Max Cong = 2.94118%, No Congested Regions.

------------------------------
Reporting congestion hotspots
------------------------------
Direction: North
----------------
Congested clusters found at Level 0
Effective congestion level: 0 Aspect Ratio: 1 Sparse Ratio: 0
Direction: South
----------------
Congested clusters found at Level 0
Effective congestion level: 0 Aspect Ratio: 1 Sparse Ratio: 0
Direction: East
----------------
Congested clusters found at Level 0
Effective congestion level: 0 Aspect Ratio: 1 Sparse Ratio: 0
Direction: West
----------------
Congested clusters found at Level 0
Effective congestion level: 0 Aspect Ratio: 1 Sparse Ratio: 0

Phase 7 Route finalize | Checksum: 113c7c6f8

Time (s): cpu = 00:00:22 ; elapsed = 00:00:17 . Memory (MB): peak = 3037.301 ; gain = 87.500 ; free physical = 1665 ; free virtual = 10737

Phase 8 Verifying routed nets

 Verification completed successfully
Phase 8 Verifying routed nets | Checksum: 113c7c6f8

Time (s): cpu = 00:00:22 ; elapsed = 00:00:17 . Memory (MB): peak = 3037.301 ; gain = 87.500 ; free physical = 1663 ; free virtual = 10735

Phase 9 Depositing Routes
Phase 9 Depositing Routes | Checksum: 113c7c6f8

Time (s): cpu = 00:00:22 ; elapsed = 00:00:17 . Memory (MB): peak = 3037.301 ; gain = 87.500 ; free physical = 1663 ; free virtual = 10735
INFO: [Route 35-16] Router Completed Successfully

Time (s): cpu = 00:00:22 ; elapsed = 00:00:17 . Memory (MB): peak = 3037.301 ; gain = 87.500 ; free physical = 1682 ; free virtual = 10754

Routing Is Done.
INFO: [Common 17-83] Releasing license: Implementation
8 Infos, 0 Warnings, 0 Critical Warnings and 0 Errors encountered.
route_design completed successfully
route_design: Time (s): cpu = 00:00:23 ; elapsed = 00:00:18 . Memory (MB): peak = 3037.301 ; gain = 87.500 ; free physical = 1682 ; free virtual = 10754
INFO: [Common 17-600] The following parameters have non-default value.
general.maxThreads
# write_checkpoint -force ${TOP}_routed.dcp
INFO: [Timing 38-480] Writing timing data to binary archive.
Writing placer database...
Writing XDEF routing.
Writing XDEF routing logical nets.
Writing XDEF routing special nets.
Write XDEF Complete: Time (s): cpu = 00:00:00.06 ; elapsed = 00:00:00.04 . Memory (MB): peak = 3045.305 ; gain = 0.004 ; free physical = 1677 ; free virtual = 10750
INFO: [Common 17-1381] The checkpoint '/home/cc/eecs151/fa22/class/eecs151-adj/fpga_labs_fa22/lab1/build/impl/z1top_routed.dcp' has been generated.
# write_verilog -force post_route.v
# write_xdc -force post_route.xdc
# report_drc -file post_route_drc.rpt
Command: report_drc -file post_route_drc.rpt
INFO: [IP_Flow 19-234] Refreshing IP repositories
INFO: [IP_Flow 19-1704] No user IP repositories specified
INFO: [IP_Flow 19-2313] Loaded Vivado IP repository '/share/instsww/xilinx/Vivado/2021.1/data/ip'.
INFO: [DRC 23-27] Running DRC with 4 threads
INFO: [Vivado_Tcl 2-168] The results of DRC are in file /home/cc/eecs151/fa22/class/eecs151-adj/fpga_labs_fa22/lab1/build/impl/post_route_drc.rpt.
report_drc completed successfully
# report_timing_summary -warn_on_violation -file post_route_timing_summary.rpt
INFO: [Timing 38-91] UpdateTimingParams: Speed grade: -1, Delay Type: min_max.
INFO: [Timing 38-191] Multithreading enabled for timing update using a maximum of 4 CPUs
WARNING: [Timing 38-313] There are no user specified timing constraints. Timing constraints are needed for proper timing analysis.
# write_bitstream -force ${TOP}.bit
Command: write_bitstream -force z1top.bit
Attempting to get a license for feature 'Implementation' and/or device 'xc7z020'
INFO: [Common 17-349] Got license for feature 'Implementation' and/or device 'xc7z020'
Running DRC as a precondition to command write_bitstream
INFO: [IP_Flow 19-1839] IP Catalog is up to date.
INFO: [DRC 23-27] Running DRC with 4 threads
WARNING: [DRC ZPS7-1] PS7 block required: The PS7 cell must be used in this Zynq design in order to enable correct default configuration.
INFO: [Vivado 12-3199] DRC finished with 0 Errors, 1 Warnings
INFO: [Vivado 12-3200] Please refer to the DRC report (report_drc) for more information.
INFO: [Designutils 20-2272] Running write_bitstream with 4 threads.
Loading data files...
Loading site data...
Loading route data...
Processing options...
Creating bitmap...
Creating bitstream...
Writing bitstream ./z1top.bit...
INFO: [Vivado 12-1842] Bitgen Completed Successfully.
INFO: [#UNDEF] WebTalk data collection is mandatory when using a WebPACK part without a full Vivado license. To see the specific WebTalk data collected for your design, open the usage_statistics_webtalk.html or usage_statistics_webtalk.xml file in the implementation directory.
INFO: [Common 17-186] '/home/cc/eecs151/fa22/class/eecs151-adj/fpga_labs_fa22/lab1/build/impl/usage_statistics_webtalk.xml' has been successfully sent to Xilinx on Wed Aug 31 09:19:58 2022. For additional details about this file, please refer to the WebTalk help file at /share/instsww/xilinx/Vivado/2021.1/doc/webtalk_introduction.html.
INFO: [Common 17-83] Releasing license: Implementation
10 Infos, 1 Warnings, 0 Critical Warnings and 0 Errors encountered.
write_bitstream completed successfully
write_bitstream: Time (s): cpu = 00:00:10 ; elapsed = 00:00:20 . Memory (MB): peak = 3419.641 ; gain = 337.742 ; free physical = 1656 ; free virtual = 10721
INFO: [Common 17-206] Exiting Vivado at Wed Aug 31 09:19:58 2022...
